09:24:04.702 [nREPL-session-91bd473b-56dd-429e-a683-870e21d979ea] INFO  org.eclipse.jetty.util.log - Logging initialized @12239ms to org.eclipse.jetty.util.log.Slf4jLog
09:24:04.800 [nREPL-session-91bd473b-56dd-429e-a683-870e21d979ea] INFO  org.eclipse.jetty.server.Server - jetty-9.4.44.v20210927; built: 2021-09-27T23:02:44.612Z; git: 8da83308eeca865e495e53ef315a249d63ba9332; jvm 17.0.2+8
09:24:04.820 [nREPL-session-91bd473b-56dd-429e-a683-870e21d979ea] INFO  o.e.j.server.handler.ContextHandler - Started o.e.j.s.ServletContextHandler@37fae592{/,null,AVAILABLE}
09:24:04.829 [nREPL-session-91bd473b-56dd-429e-a683-870e21d979ea] INFO  o.e.jetty.server.AbstractConnector - Started ServerConnector@230e837a{HTTP/1.1, (http/1.1, h2c)}{localhost:3000}
09:24:04.829 [nREPL-session-91bd473b-56dd-429e-a683-870e21d979ea] INFO  org.eclipse.jetty.server.Server - Started @12366ms
09:24:25.619 [nREPL-session-91bd473b-56dd-429e-a683-870e21d979ea] INFO  io.pedestal.http - {:msg "GET /recipes", :line 80}
09:27:53.754 [nREPL-session-3ae22c53-ef73-4c48-a923-4ac3b73d648e] INFO  org.eclipse.jetty.util.log - Logging initialized @15512ms to org.eclipse.jetty.util.log.Slf4jLog
09:27:53.850 [nREPL-session-3ae22c53-ef73-4c48-a923-4ac3b73d648e] INFO  org.eclipse.jetty.server.Server - jetty-9.4.44.v20210927; built: 2021-09-27T23:02:44.612Z; git: 8da83308eeca865e495e53ef315a249d63ba9332; jvm 17.0.2+8
09:27:53.869 [nREPL-session-3ae22c53-ef73-4c48-a923-4ac3b73d648e] INFO  o.e.j.server.handler.ContextHandler - Started o.e.j.s.ServletContextHandler@64760488{/,null,AVAILABLE}
09:27:53.877 [nREPL-session-3ae22c53-ef73-4c48-a923-4ac3b73d648e] INFO  o.e.jetty.server.AbstractConnector - Started ServerConnector@2efec585{HTTP/1.1, (http/1.1, h2c)}{localhost:3000}
09:27:53.877 [nREPL-session-3ae22c53-ef73-4c48-a923-4ac3b73d648e] INFO  org.eclipse.jetty.server.Server - Started @15636ms
10:20:04.697 [nREPL-session-9c554f74-72c1-430b-9b97-593ff900c6df] INFO  org.eclipse.jetty.util.log - Logging initialized @2696982ms to org.eclipse.jetty.util.log.Slf4jLog
10:20:04.798 [nREPL-session-9c554f74-72c1-430b-9b97-593ff900c6df] INFO  org.eclipse.jetty.server.Server - jetty-9.4.44.v20210927; built: 2021-09-27T23:02:44.612Z; git: 8da83308eeca865e495e53ef315a249d63ba9332; jvm 17.0.2+8
10:20:04.816 [nREPL-session-9c554f74-72c1-430b-9b97-593ff900c6df] INFO  o.e.j.server.handler.ContextHandler - Started o.e.j.s.ServletContextHandler@70a3829b{/,null,AVAILABLE}
10:20:04.826 [nREPL-session-9c554f74-72c1-430b-9b97-593ff900c6df] INFO  o.e.jetty.server.AbstractConnector - Started ServerConnector@42a0a879{HTTP/1.1, (http/1.1, h2c)}{localhost:3000}
10:20:04.826 [nREPL-session-9c554f74-72c1-430b-9b97-593ff900c6df] INFO  org.eclipse.jetty.server.Server - Started @2697112ms
10:20:23.901 [nREPL-session-9c554f74-72c1-430b-9b97-593ff900c6df] INFO  io.pedestal.http - {:msg "GET /recipes", :line 80}
10:20:52.709 [nREPL-session-9c554f74-72c1-430b-9b97-593ff900c6df] INFO  io.pedestal.http - {:msg "GET /recipes", :line 80}
10:21:05.058 [nREPL-session-9c554f74-72c1-430b-9b97-593ff900c6df] INFO  o.e.jetty.server.AbstractConnector - Stopped ServerConnector@42a0a879{HTTP/1.1, (http/1.1, h2c)}{localhost:3000}
10:21:05.059 [nREPL-session-9c554f74-72c1-430b-9b97-593ff900c6df] INFO  o.e.j.server.handler.ContextHandler - Stopped o.e.j.s.ServletContextHandler@70a3829b{/,null,STOPPED}
10:21:05.196 [nREPL-session-9c554f74-72c1-430b-9b97-593ff900c6df] INFO  org.eclipse.jetty.server.Server - jetty-9.4.44.v20210927; built: 2021-09-27T23:02:44.612Z; git: 8da83308eeca865e495e53ef315a249d63ba9332; jvm 17.0.2+8
10:21:05.197 [nREPL-session-9c554f74-72c1-430b-9b97-593ff900c6df] INFO  o.e.j.server.handler.ContextHandler - Started o.e.j.s.ServletContextHandler@172c945a{/,null,AVAILABLE}
10:21:05.198 [nREPL-session-9c554f74-72c1-430b-9b97-593ff900c6df] INFO  o.e.jetty.server.AbstractConnector - Started ServerConnector@35a2fe0f{HTTP/1.1, (http/1.1, h2c)}{localhost:3000}
10:21:05.199 [nREPL-session-9c554f74-72c1-430b-9b97-593ff900c6df] INFO  org.eclipse.jetty.server.Server - Started @2757485ms
10:21:08.008 [nREPL-session-9c554f74-72c1-430b-9b97-593ff900c6df] INFO  io.pedestal.http - {:msg "GET /recipes", :line 80}
10:24:43.358 [nREPL-session-9c554f74-72c1-430b-9b97-593ff900c6df] INFO  o.e.jetty.server.AbstractConnector - Stopped ServerConnector@35a2fe0f{HTTP/1.1, (http/1.1, h2c)}{localhost:3000}
10:24:43.359 [nREPL-session-9c554f74-72c1-430b-9b97-593ff900c6df] INFO  o.e.j.server.handler.ContextHandler - Stopped o.e.j.s.ServletContextHandler@172c945a{/,null,STOPPED}
10:26:36.693 [nREPL-session-da63a4fa-f401-41c1-afc5-3d4aeccbe389] INFO  org.eclipse.jetty.util.log - Logging initialized @95120ms to org.eclipse.jetty.util.log.Slf4jLog
10:26:36.780 [nREPL-session-da63a4fa-f401-41c1-afc5-3d4aeccbe389] INFO  org.eclipse.jetty.server.Server - jetty-9.4.44.v20210927; built: 2021-09-27T23:02:44.612Z; git: 8da83308eeca865e495e53ef315a249d63ba9332; jvm 17.0.2+8
10:26:36.798 [nREPL-session-da63a4fa-f401-41c1-afc5-3d4aeccbe389] INFO  o.e.j.server.handler.ContextHandler - Started o.e.j.s.ServletContextHandler@295e26d5{/,null,AVAILABLE}
10:26:36.807 [nREPL-session-da63a4fa-f401-41c1-afc5-3d4aeccbe389] INFO  o.e.jetty.server.AbstractConnector - Started ServerConnector@6b94d8f4{HTTP/1.1, (http/1.1, h2c)}{localhost:3000}
10:26:36.807 [nREPL-session-da63a4fa-f401-41c1-afc5-3d4aeccbe389] INFO  org.eclipse.jetty.server.Server - Started @95235ms
10:26:37.904 [nREPL-session-da63a4fa-f401-41c1-afc5-3d4aeccbe389] INFO  o.e.jetty.server.AbstractConnector - Stopped ServerConnector@6b94d8f4{HTTP/1.1, (http/1.1, h2c)}{localhost:3000}
10:26:37.905 [nREPL-session-da63a4fa-f401-41c1-afc5-3d4aeccbe389] INFO  o.e.j.server.handler.ContextHandler - Stopped o.e.j.s.ServletContextHandler@295e26d5{/,null,STOPPED}
10:26:38.028 [nREPL-session-da63a4fa-f401-41c1-afc5-3d4aeccbe389] INFO  org.eclipse.jetty.server.Server - jetty-9.4.44.v20210927; built: 2021-09-27T23:02:44.612Z; git: 8da83308eeca865e495e53ef315a249d63ba9332; jvm 17.0.2+8
10:26:38.030 [nREPL-session-da63a4fa-f401-41c1-afc5-3d4aeccbe389] INFO  o.e.j.server.handler.ContextHandler - Started o.e.j.s.ServletContextHandler@39b60d2f{/,null,AVAILABLE}
10:26:38.031 [nREPL-session-da63a4fa-f401-41c1-afc5-3d4aeccbe389] INFO  o.e.jetty.server.AbstractConnector - Started ServerConnector@bb5a9b{HTTP/1.1, (http/1.1, h2c)}{localhost:3000}
10:26:38.031 [nREPL-session-da63a4fa-f401-41c1-afc5-3d4aeccbe389] INFO  org.eclipse.jetty.server.Server - Started @96459ms
10:27:52.362 [nREPL-session-052a0c5f-bb2f-47df-8119-c7582b47eee2] INFO  org.eclipse.jetty.util.log - Logging initialized @20872ms to org.eclipse.jetty.util.log.Slf4jLog
10:27:52.446 [nREPL-session-052a0c5f-bb2f-47df-8119-c7582b47eee2] INFO  org.eclipse.jetty.server.Server - jetty-9.4.44.v20210927; built: 2021-09-27T23:02:44.612Z; git: 8da83308eeca865e495e53ef315a249d63ba9332; jvm 17.0.2+8
10:27:52.465 [nREPL-session-052a0c5f-bb2f-47df-8119-c7582b47eee2] INFO  o.e.j.server.handler.ContextHandler - Started o.e.j.s.ServletContextHandler@3f92a6a1{/,null,AVAILABLE}
10:27:52.476 [nREPL-session-052a0c5f-bb2f-47df-8119-c7582b47eee2] INFO  o.e.jetty.server.AbstractConnector - Started ServerConnector@729d9d86{HTTP/1.1, (http/1.1, h2c)}{localhost:3000}
10:27:52.477 [nREPL-session-052a0c5f-bb2f-47df-8119-c7582b47eee2] INFO  org.eclipse.jetty.server.Server - Started @20988ms
10:29:00.683 [nREPL-session-052a0c5f-bb2f-47df-8119-c7582b47eee2] INFO  io.pedestal.http - {:msg "GET /recipes", :line 80}
10:29:05.869 [nREPL-session-052a0c5f-bb2f-47df-8119-c7582b47eee2] INFO  o.e.jetty.server.AbstractConnector - Stopped ServerConnector@729d9d86{HTTP/1.1, (http/1.1, h2c)}{localhost:3000}
10:29:05.869 [nREPL-session-052a0c5f-bb2f-47df-8119-c7582b47eee2] INFO  o.e.j.server.handler.ContextHandler - Stopped o.e.j.s.ServletContextHandler@3f92a6a1{/,null,STOPPED}
10:29:06.009 [nREPL-session-052a0c5f-bb2f-47df-8119-c7582b47eee2] INFO  org.eclipse.jetty.server.Server - jetty-9.4.44.v20210927; built: 2021-09-27T23:02:44.612Z; git: 8da83308eeca865e495e53ef315a249d63ba9332; jvm 17.0.2+8
10:29:06.011 [nREPL-session-052a0c5f-bb2f-47df-8119-c7582b47eee2] INFO  o.e.j.server.handler.ContextHandler - Started o.e.j.s.ServletContextHandler@43d18a2{/,null,AVAILABLE}
10:29:06.012 [nREPL-session-052a0c5f-bb2f-47df-8119-c7582b47eee2] INFO  o.e.jetty.server.AbstractConnector - Started ServerConnector@639de807{HTTP/1.1, (http/1.1, h2c)}{localhost:3000}
10:29:06.012 [nREPL-session-052a0c5f-bb2f-47df-8119-c7582b47eee2] INFO  org.eclipse.jetty.server.Server - Started @94524ms
10:29:08.145 [nREPL-session-052a0c5f-bb2f-47df-8119-c7582b47eee2] INFO  io.pedestal.http - {:msg "GET /recipes", :line 80}
10:32:55.744 [nREPL-session-052a0c5f-bb2f-47df-8119-c7582b47eee2] INFO  o.e.jetty.server.AbstractConnector - Stopped ServerConnector@639de807{HTTP/1.1, (http/1.1, h2c)}{localhost:3000}
10:32:55.744 [nREPL-session-052a0c5f-bb2f-47df-8119-c7582b47eee2] INFO  o.e.j.server.handler.ContextHandler - Stopped o.e.j.s.ServletContextHandler@43d18a2{/,null,STOPPED}
10:32:55.812 [nREPL-session-052a0c5f-bb2f-47df-8119-c7582b47eee2] INFO  org.eclipse.jetty.server.Server - jetty-9.4.44.v20210927; built: 2021-09-27T23:02:44.612Z; git: 8da83308eeca865e495e53ef315a249d63ba9332; jvm 17.0.2+8
10:32:55.813 [nREPL-session-052a0c5f-bb2f-47df-8119-c7582b47eee2] INFO  o.e.j.server.handler.ContextHandler - Started o.e.j.s.ServletContextHandler@4593f4df{/,null,AVAILABLE}
10:32:55.814 [nREPL-session-052a0c5f-bb2f-47df-8119-c7582b47eee2] INFO  o.e.jetty.server.AbstractConnector - Started ServerConnector@2e7c629f{HTTP/1.1, (http/1.1, h2c)}{localhost:3000}
10:32:55.814 [nREPL-session-052a0c5f-bb2f-47df-8119-c7582b47eee2] INFO  org.eclipse.jetty.server.Server - Started @324326ms
10:33:09.487 [nREPL-session-052a0c5f-bb2f-47df-8119-c7582b47eee2] INFO  io.pedestal.http - {:msg "GET /recipes", :line 80}
10:33:21.427 [nREPL-session-052a0c5f-bb2f-47df-8119-c7582b47eee2] INFO  io.pedestal.http - {:msg "GET /recipes", :line 80}
10:33:47.724 [nREPL-session-052a0c5f-bb2f-47df-8119-c7582b47eee2] INFO  io.pedestal.http - {:msg "GET /recipes", :line 80}
10:37:01.379 [nREPL-session-052a0c5f-bb2f-47df-8119-c7582b47eee2] INFO  o.e.jetty.server.AbstractConnector - Stopped ServerConnector@2e7c629f{HTTP/1.1, (http/1.1, h2c)}{localhost:3000}
10:37:01.379 [nREPL-session-052a0c5f-bb2f-47df-8119-c7582b47eee2] INFO  o.e.j.server.handler.ContextHandler - Stopped o.e.j.s.ServletContextHandler@4593f4df{/,null,STOPPED}
10:37:01.453 [nREPL-session-052a0c5f-bb2f-47df-8119-c7582b47eee2] INFO  org.eclipse.jetty.server.Server - jetty-9.4.44.v20210927; built: 2021-09-27T23:02:44.612Z; git: 8da83308eeca865e495e53ef315a249d63ba9332; jvm 17.0.2+8
10:37:01.454 [nREPL-session-052a0c5f-bb2f-47df-8119-c7582b47eee2] INFO  o.e.j.server.handler.ContextHandler - Started o.e.j.s.ServletContextHandler@11d880ac{/,null,AVAILABLE}
10:37:01.455 [nREPL-session-052a0c5f-bb2f-47df-8119-c7582b47eee2] INFO  o.e.jetty.server.AbstractConnector - Started ServerConnector@42445dd6{HTTP/1.1, (http/1.1, h2c)}{localhost:3000}
10:37:01.455 [nREPL-session-052a0c5f-bb2f-47df-8119-c7582b47eee2] INFO  org.eclipse.jetty.server.Server - Started @569967ms
10:37:19.320 [nREPL-session-052a0c5f-bb2f-47df-8119-c7582b47eee2] INFO  io.pedestal.http - {:msg "GET /recipes", :line 80}
10:37:46.291 [nREPL-session-052a0c5f-bb2f-47df-8119-c7582b47eee2] INFO  io.pedestal.http - {:msg "GET /recipes", :line 80}
10:39:39.909 [nREPL-session-052a0c5f-bb2f-47df-8119-c7582b47eee2] INFO  o.e.jetty.server.AbstractConnector - Stopped ServerConnector@42445dd6{HTTP/1.1, (http/1.1, h2c)}{localhost:3000}
10:39:39.910 [nREPL-session-052a0c5f-bb2f-47df-8119-c7582b47eee2] INFO  o.e.j.server.handler.ContextHandler - Stopped o.e.j.s.ServletContextHandler@11d880ac{/,null,STOPPED}
10:39:39.974 [nREPL-session-052a0c5f-bb2f-47df-8119-c7582b47eee2] INFO  org.eclipse.jetty.server.Server - jetty-9.4.44.v20210927; built: 2021-09-27T23:02:44.612Z; git: 8da83308eeca865e495e53ef315a249d63ba9332; jvm 17.0.2+8
10:39:39.975 [nREPL-session-052a0c5f-bb2f-47df-8119-c7582b47eee2] INFO  o.e.j.server.handler.ContextHandler - Started o.e.j.s.ServletContextHandler@77d7d12f{/,null,AVAILABLE}
10:39:39.976 [nREPL-session-052a0c5f-bb2f-47df-8119-c7582b47eee2] INFO  o.e.jetty.server.AbstractConnector - Started ServerConnector@b069883{HTTP/1.1, (http/1.1, h2c)}{localhost:3000}
10:39:39.976 [nREPL-session-052a0c5f-bb2f-47df-8119-c7582b47eee2] INFO  org.eclipse.jetty.server.Server - Started @728488ms
10:39:51.651 [nREPL-session-052a0c5f-bb2f-47df-8119-c7582b47eee2] INFO  io.pedestal.http - {:msg "GET /recipes", :line 80}
10:40:27.111 [nREPL-session-052a0c5f-bb2f-47df-8119-c7582b47eee2] INFO  io.pedestal.http - {:msg "GET /recipes", :line 80}
10:42:10.642 [nREPL-session-89682ab2-49aa-45d4-8818-a67df04b9dfb] INFO  org.eclipse.jetty.util.log - Logging initialized @43794ms to org.eclipse.jetty.util.log.Slf4jLog
10:42:10.732 [nREPL-session-89682ab2-49aa-45d4-8818-a67df04b9dfb] INFO  org.eclipse.jetty.server.Server - jetty-9.4.44.v20210927; built: 2021-09-27T23:02:44.612Z; git: 8da83308eeca865e495e53ef315a249d63ba9332; jvm 17.0.2+8
10:42:10.750 [nREPL-session-89682ab2-49aa-45d4-8818-a67df04b9dfb] INFO  o.e.j.server.handler.ContextHandler - Started o.e.j.s.ServletContextHandler@3b3fc2c6{/,null,AVAILABLE}
10:42:10.759 [nREPL-session-89682ab2-49aa-45d4-8818-a67df04b9dfb] INFO  o.e.jetty.server.AbstractConnector - Started ServerConnector@780e00de{HTTP/1.1, (http/1.1, h2c)}{localhost:3000}
10:42:10.759 [nREPL-session-89682ab2-49aa-45d4-8818-a67df04b9dfb] INFO  org.eclipse.jetty.server.Server - Started @43912ms
10:42:12.589 [nREPL-session-89682ab2-49aa-45d4-8818-a67df04b9dfb] INFO  io.pedestal.http - {:msg "GET /recipes", :line 80}
10:42:29.561 [nREPL-session-89682ab2-49aa-45d4-8818-a67df04b9dfb] INFO  io.pedestal.http - {:msg "GET /recipes", :line 80}
10:42:34.841 [nREPL-session-89682ab2-49aa-45d4-8818-a67df04b9dfb] INFO  io.pedestal.http - {:msg "GET /recipes", :line 80}
10:47:32.281 [nREPL-session-89682ab2-49aa-45d4-8818-a67df04b9dfb] INFO  o.e.jetty.server.AbstractConnector - Stopped ServerConnector@780e00de{HTTP/1.1, (http/1.1, h2c)}{localhost:3000}
10:47:32.282 [nREPL-session-89682ab2-49aa-45d4-8818-a67df04b9dfb] INFO  o.e.j.server.handler.ContextHandler - Stopped o.e.j.s.ServletContextHandler@3b3fc2c6{/,null,STOPPED}
10:47:32.393 [nREPL-session-89682ab2-49aa-45d4-8818-a67df04b9dfb] INFO  org.eclipse.jetty.server.Server - jetty-9.4.44.v20210927; built: 2021-09-27T23:02:44.612Z; git: 8da83308eeca865e495e53ef315a249d63ba9332; jvm 17.0.2+8
10:47:32.394 [nREPL-session-89682ab2-49aa-45d4-8818-a67df04b9dfb] INFO  o.e.j.server.handler.ContextHandler - Started o.e.j.s.ServletContextHandler@d69ac99{/,null,AVAILABLE}
10:47:32.395 [nREPL-session-89682ab2-49aa-45d4-8818-a67df04b9dfb] INFO  o.e.jetty.server.AbstractConnector - Started ServerConnector@663cf658{HTTP/1.1, (http/1.1, h2c)}{localhost:3000}
10:47:32.395 [nREPL-session-89682ab2-49aa-45d4-8818-a67df04b9dfb] INFO  org.eclipse.jetty.server.Server - Started @365527ms
10:47:36.477 [nREPL-session-89682ab2-49aa-45d4-8818-a67df04b9dfb] INFO  io.pedestal.http - {:msg "GET /recipes", :line 80}
10:47:55.707 [nREPL-session-89682ab2-49aa-45d4-8818-a67df04b9dfb] INFO  io.pedestal.http - {:msg "GET /recipes", :line 80}
10:48:29.804 [nREPL-session-89682ab2-49aa-45d4-8818-a67df04b9dfb] INFO  io.pedestal.http - {:msg "GET /recipes", :line 80}
10:48:58.348 [nREPL-session-89682ab2-49aa-45d4-8818-a67df04b9dfb] INFO  o.e.jetty.server.AbstractConnector - Stopped ServerConnector@663cf658{HTTP/1.1, (http/1.1, h2c)}{localhost:3000}
10:48:58.348 [nREPL-session-89682ab2-49aa-45d4-8818-a67df04b9dfb] INFO  o.e.j.server.handler.ContextHandler - Stopped o.e.j.s.ServletContextHandler@d69ac99{/,null,STOPPED}
10:48:58.404 [nREPL-session-89682ab2-49aa-45d4-8818-a67df04b9dfb] INFO  org.eclipse.jetty.server.Server - jetty-9.4.44.v20210927; built: 2021-09-27T23:02:44.612Z; git: 8da83308eeca865e495e53ef315a249d63ba9332; jvm 17.0.2+8
10:48:58.405 [nREPL-session-89682ab2-49aa-45d4-8818-a67df04b9dfb] INFO  o.e.j.server.handler.ContextHandler - Started o.e.j.s.ServletContextHandler@4febd1da{/,null,AVAILABLE}
10:48:58.406 [nREPL-session-89682ab2-49aa-45d4-8818-a67df04b9dfb] INFO  o.e.jetty.server.AbstractConnector - Started ServerConnector@50888844{HTTP/1.1, (http/1.1, h2c)}{localhost:3000}
10:48:58.406 [nREPL-session-89682ab2-49aa-45d4-8818-a67df04b9dfb] INFO  org.eclipse.jetty.server.Server - Started @451538ms
10:49:04.605 [nREPL-session-89682ab2-49aa-45d4-8818-a67df04b9dfb] INFO  io.pedestal.http - {:msg "GET /recipes", :line 80}
10:49:21.751 [nREPL-session-89682ab2-49aa-45d4-8818-a67df04b9dfb] INFO  io.pedestal.http - {:msg "GET /recipes", :line 80}
10:52:15.020 [nREPL-session-12f0e4fd-d3c7-40e9-afe4-e72bdf65378a] INFO  org.eclipse.jetty.util.log - Logging initialized @130259ms to org.eclipse.jetty.util.log.Slf4jLog
10:52:15.116 [nREPL-session-12f0e4fd-d3c7-40e9-afe4-e72bdf65378a] INFO  org.eclipse.jetty.server.Server - jetty-9.4.44.v20210927; built: 2021-09-27T23:02:44.612Z; git: 8da83308eeca865e495e53ef315a249d63ba9332; jvm 17.0.2+8
10:52:15.137 [nREPL-session-12f0e4fd-d3c7-40e9-afe4-e72bdf65378a] INFO  o.e.j.server.handler.ContextHandler - Started o.e.j.s.ServletContextHandler@4df60bde{/,null,AVAILABLE}
10:52:15.148 [nREPL-session-12f0e4fd-d3c7-40e9-afe4-e72bdf65378a] INFO  o.e.jetty.server.AbstractConnector - Started ServerConnector@377476fc{HTTP/1.1, (http/1.1, h2c)}{localhost:3000}
10:52:15.148 [nREPL-session-12f0e4fd-d3c7-40e9-afe4-e72bdf65378a] INFO  org.eclipse.jetty.server.Server - Started @130388ms
10:52:20.732 [nREPL-session-12f0e4fd-d3c7-40e9-afe4-e72bdf65378a] INFO  io.pedestal.http - {:msg "GET /recipes", :line 80}
10:53:23.246 [nREPL-session-12f0e4fd-d3c7-40e9-afe4-e72bdf65378a] INFO  io.pedestal.http - {:msg "GET /recipes", :line 80}
10:54:19.873 [nREPL-session-12f0e4fd-d3c7-40e9-afe4-e72bdf65378a] INFO  io.pedestal.http - {:msg "GET /recipes", :line 80}
10:54:36.659 [nREPL-session-12f0e4fd-d3c7-40e9-afe4-e72bdf65378a] INFO  io.pedestal.http - {:msg "GET /recipes", :line 80}
10:54:42.737 [nREPL-session-12f0e4fd-d3c7-40e9-afe4-e72bdf65378a] INFO  o.e.jetty.server.AbstractConnector - Stopped ServerConnector@377476fc{HTTP/1.1, (http/1.1, h2c)}{localhost:3000}
10:54:42.738 [nREPL-session-12f0e4fd-d3c7-40e9-afe4-e72bdf65378a] INFO  o.e.j.server.handler.ContextHandler - Stopped o.e.j.s.ServletContextHandler@4df60bde{/,null,STOPPED}
10:54:42.858 [nREPL-session-12f0e4fd-d3c7-40e9-afe4-e72bdf65378a] INFO  org.eclipse.jetty.server.Server - jetty-9.4.44.v20210927; built: 2021-09-27T23:02:44.612Z; git: 8da83308eeca865e495e53ef315a249d63ba9332; jvm 17.0.2+8
10:54:42.860 [nREPL-session-12f0e4fd-d3c7-40e9-afe4-e72bdf65378a] INFO  o.e.j.server.handler.ContextHandler - Started o.e.j.s.ServletContextHandler@1a21e328{/,null,AVAILABLE}
10:54:42.861 [nREPL-session-12f0e4fd-d3c7-40e9-afe4-e72bdf65378a] INFO  o.e.jetty.server.AbstractConnector - Started ServerConnector@6fa10ddf{HTTP/1.1, (http/1.1, h2c)}{localhost:3000}
10:54:42.861 [nREPL-session-12f0e4fd-d3c7-40e9-afe4-e72bdf65378a] INFO  org.eclipse.jetty.server.Server - Started @278101ms
10:54:47.984 [nREPL-session-12f0e4fd-d3c7-40e9-afe4-e72bdf65378a] INFO  io.pedestal.http - {:msg "GET /recipes", :line 80}
10:55:01.081 [nREPL-session-12f0e4fd-d3c7-40e9-afe4-e72bdf65378a] INFO  io.pedestal.http - {:msg "GET /recipes", :line 80}
10:57:34.612 [nREPL-session-12f0e4fd-d3c7-40e9-afe4-e72bdf65378a] INFO  o.e.jetty.server.AbstractConnector - Stopped ServerConnector@6fa10ddf{HTTP/1.1, (http/1.1, h2c)}{localhost:3000}
10:57:34.612 [nREPL-session-12f0e4fd-d3c7-40e9-afe4-e72bdf65378a] INFO  o.e.j.server.handler.ContextHandler - Stopped o.e.j.s.ServletContextHandler@1a21e328{/,null,STOPPED}
10:57:34.667 [nREPL-session-12f0e4fd-d3c7-40e9-afe4-e72bdf65378a] INFO  org.eclipse.jetty.server.Server - jetty-9.4.44.v20210927; built: 2021-09-27T23:02:44.612Z; git: 8da83308eeca865e495e53ef315a249d63ba9332; jvm 17.0.2+8
10:57:34.668 [nREPL-session-12f0e4fd-d3c7-40e9-afe4-e72bdf65378a] INFO  o.e.j.server.handler.ContextHandler - Started o.e.j.s.ServletContextHandler@6cdb6077{/,null,AVAILABLE}
10:57:34.669 [nREPL-session-12f0e4fd-d3c7-40e9-afe4-e72bdf65378a] INFO  o.e.jetty.server.AbstractConnector - Started ServerConnector@6764988a{HTTP/1.1, (http/1.1, h2c)}{localhost:3000}
10:57:34.669 [nREPL-session-12f0e4fd-d3c7-40e9-afe4-e72bdf65378a] INFO  org.eclipse.jetty.server.Server - Started @449907ms
10:57:43.686 [nREPL-session-12f0e4fd-d3c7-40e9-afe4-e72bdf65378a] INFO  io.pedestal.http - {:msg "GET /recipes", :line 80}
10:57:43.694 [nREPL-session-12f0e4fd-d3c7-40e9-afe4-e72bdf65378a] ERROR i.p.http.impl.servlet-interceptor - {:msg "Dev interceptor caught an exception; Forwarding it as the response.", :line 314}
clojure.lang.ExceptionInfo: clojure.lang.ArityException in Interceptor :io.pedestal.http.route/router - Wrong number of args (0) passed to: clojure.lang.PersistentHashSet
	at io.pedestal.interceptor.chain$throwable__GT_ex_info.invokeStatic(chain.clj:35)
	at io.pedestal.interceptor.chain$throwable__GT_ex_info.invoke(chain.clj:32)
	at io.pedestal.interceptor.chain$try_f.invokeStatic(chain.clj:57)
	at io.pedestal.interceptor.chain$try_f.invoke(chain.clj:44)
	at io.pedestal.interceptor.chain$process_all_with_binding.invokeStatic(chain.clj:171)
	at io.pedestal.interceptor.chain$process_all_with_binding.invoke(chain.clj:146)
	at io.pedestal.interceptor.chain$process_all$fn__12640.invoke(chain.clj:188)
	at clojure.lang.AFn.applyToHelper(AFn.java:152)
	at clojure.lang.AFn.applyTo(AFn.java:144)
	at clojure.core$apply.invokeStatic(core.clj:667)
	at clojure.core$with_bindings_STAR_.invokeStatic(core.clj:1990)
	at clojure.core$with_bindings_STAR_.doInvoke(core.clj:1990)
	at clojure.lang.RestFn.invoke(RestFn.java:425)
	at io.pedestal.interceptor.chain$process_all.invokeStatic(chain.clj:186)
	at io.pedestal.interceptor.chain$process_all.invoke(chain.clj:182)
	at io.pedestal.interceptor.chain$enter_all.invokeStatic(chain.clj:235)
	at io.pedestal.interceptor.chain$enter_all.invoke(chain.clj:229)
	at io.pedestal.interceptor.chain$execute.invokeStatic(chain.clj:379)
	at io.pedestal.interceptor.chain$execute.invoke(chain.clj:352)
	at io.pedestal.interceptor.chain$execute.invokeStatic(chain.clj:389)
	at io.pedestal.interceptor.chain$execute.invoke(chain.clj:352)
	at io.pedestal.http.impl.servlet_interceptor$interceptor_service_fn$fn__16869.invoke(servlet_interceptor.clj:351)
	at io.pedestal.http.servlet.FnServlet.service(servlet.clj:28)
	at io.pedestal.test$servlet_response_for.invokeStatic(test.clj:242)
	at io.pedestal.test$servlet_response_for.doInvoke(test.clj:232)
	at clojure.lang.RestFn.applyTo(RestFn.java:146)
	at clojure.core$apply.invokeStatic(core.clj:673)
	at clojure.core$apply.invoke(core.clj:662)
	at io.pedestal.test$raw_response_for.invokeStatic(test.clj:261)
	at io.pedestal.test$raw_response_for.doInvoke(test.clj:249)
	at clojure.lang.RestFn.applyTo(RestFn.java:146)
	at clojure.core$apply.invokeStatic(core.clj:673)
	at clojure.core$apply.invoke(core.clj:662)
	at io.pedestal.test$response_for.invokeStatic(test.clj:283)
	at io.pedestal.test$response_for.doInvoke(test.clj:271)
	at clojure.lang.RestFn.invoke(RestFn.java:494)
	at dev$eval19537.invokeStatic(dev.clj:62)
	at dev$eval19537.invoke(dev.clj:62)
	at clojure.lang.Compiler.eval(Compiler.java:7194)
	at clojure.lang.Compiler.eval(Compiler.java:7149)
	at clojure.core$eval.invokeStatic(core.clj:3215)
	at clojure.core$eval.invoke(core.clj:3211)
	at nrepl.middleware.interruptible_eval$evaluate$fn__978$fn__979.invoke(interruptible_eval.clj:87)
	at clojure.lang.AFn.applyToHelper(AFn.java:152)
	at clojure.lang.AFn.applyTo(AFn.java:144)
	at clojure.core$apply.invokeStatic(core.clj:667)
	at clojure.core$with_bindings_STAR_.invokeStatic(core.clj:1990)
	at clojure.core$with_bindings_STAR_.doInvoke(core.clj:1990)
	at clojure.lang.RestFn.invoke(RestFn.java:425)
	at nrepl.middleware.interruptible_eval$evaluate$fn__978.invoke(interruptible_eval.clj:87)
	at clojure.main$repl$read_eval_print__9206$fn__9209.invoke(main.clj:437)
	at clojure.main$repl$read_eval_print__9206.invoke(main.clj:437)
	at clojure.main$repl$fn__9215.invoke(main.clj:458)
	at clojure.main$repl.invokeStatic(main.clj:458)
	at clojure.main$repl.doInvoke(main.clj:368)
	at clojure.lang.RestFn.invoke(RestFn.java:1523)
	at nrepl.middleware.interruptible_eval$evaluate.invokeStatic(interruptible_eval.clj:84)
	at nrepl.middleware.interruptible_eval$evaluate.invoke(interruptible_eval.clj:56)
	at nrepl.middleware.interruptible_eval$interruptible_eval$fn__1009$fn__1013.invoke(interruptible_eval.clj:152)
	at clojure.lang.AFn.run(AFn.java:22)
	at nrepl.middleware.session$session_exec$main_loop__1077$fn__1081.invoke(session.clj:202)
	at nrepl.middleware.session$session_exec$main_loop__1077.invoke(session.clj:201)
	at clojure.lang.AFn.run(AFn.java:22)
	at java.base/java.lang.Thread.run(Thread.java:833)
Caused by: clojure.lang.ArityException: Wrong number of args (0) passed to: clojure.lang.PersistentHashSet
	at clojure.lang.AFn.throwArity(AFn.java:429)
	at clojure.lang.AFn.invoke(AFn.java:28)
	at cheffy.components.api_server$cheffy_routes$fn__19471.invoke(api_server.clj:15)
	at io.pedestal.http.route$eval13767$fn__13768$fn__13769.invoke(route.clj:470)
	at io.pedestal.interceptor.chain$try_f.invokeStatic(chain.clj:54)
	... 61 common frames omitted
10:57:57.272 [nREPL-session-12f0e4fd-d3c7-40e9-afe4-e72bdf65378a] INFO  o.e.jetty.server.AbstractConnector - Stopped ServerConnector@6764988a{HTTP/1.1, (http/1.1, h2c)}{localhost:3000}
10:57:57.273 [nREPL-session-12f0e4fd-d3c7-40e9-afe4-e72bdf65378a] INFO  o.e.j.server.handler.ContextHandler - Stopped o.e.j.s.ServletContextHandler@6cdb6077{/,null,STOPPED}
10:57:57.314 [nREPL-session-12f0e4fd-d3c7-40e9-afe4-e72bdf65378a] INFO  org.eclipse.jetty.server.Server - jetty-9.4.44.v20210927; built: 2021-09-27T23:02:44.612Z; git: 8da83308eeca865e495e53ef315a249d63ba9332; jvm 17.0.2+8
10:57:57.315 [nREPL-session-12f0e4fd-d3c7-40e9-afe4-e72bdf65378a] INFO  o.e.j.server.handler.ContextHandler - Started o.e.j.s.ServletContextHandler@fb93396{/,null,AVAILABLE}
10:57:57.316 [nREPL-session-12f0e4fd-d3c7-40e9-afe4-e72bdf65378a] INFO  o.e.jetty.server.AbstractConnector - Started ServerConnector@33edf93d{HTTP/1.1, (http/1.1, h2c)}{localhost:3000}
10:57:57.316 [nREPL-session-12f0e4fd-d3c7-40e9-afe4-e72bdf65378a] INFO  org.eclipse.jetty.server.Server - Started @472554ms
10:58:00.802 [nREPL-session-12f0e4fd-d3c7-40e9-afe4-e72bdf65378a] INFO  io.pedestal.http - {:msg "GET /recipes", :line 80}
11:24:05.462 [nREPL-session-cb7f07df-c834-4db8-b945-1b91d5067be1] INFO  org.eclipse.jetty.util.log - Logging initialized @69097ms to org.eclipse.jetty.util.log.Slf4jLog
11:24:05.557 [nREPL-session-cb7f07df-c834-4db8-b945-1b91d5067be1] INFO  org.eclipse.jetty.server.Server - jetty-9.4.44.v20210927; built: 2021-09-27T23:02:44.612Z; git: 8da83308eeca865e495e53ef315a249d63ba9332; jvm 17.0.2+8
11:24:05.582 [nREPL-session-cb7f07df-c834-4db8-b945-1b91d5067be1] INFO  o.e.j.server.handler.ContextHandler - Started o.e.j.s.ServletContextHandler@24051b69{/,null,AVAILABLE}
11:24:05.591 [nREPL-session-cb7f07df-c834-4db8-b945-1b91d5067be1] INFO  o.e.jetty.server.AbstractConnector - Started ServerConnector@27c5171c{HTTP/1.1, (http/1.1, h2c)}{localhost:3000}
11:24:05.591 [nREPL-session-cb7f07df-c834-4db8-b945-1b91d5067be1] INFO  org.eclipse.jetty.server.Server - Started @69227ms
11:24:12.671 [nREPL-session-cb7f07df-c834-4db8-b945-1b91d5067be1] INFO  io.pedestal.http - {:msg "GET /recipes", :line 80}
11:27:32.167 [nREPL-session-cb7f07df-c834-4db8-b945-1b91d5067be1] INFO  io.pedestal.http - {:msg "GET /recipes", :line 80}
11:27:57.069 [nREPL-session-cb7f07df-c834-4db8-b945-1b91d5067be1] INFO  io.pedestal.http - {:msg "GET /recipes", :line 80}
11:30:14.411 [nREPL-session-cb7f07df-c834-4db8-b945-1b91d5067be1] INFO  io.pedestal.http - {:msg "GET /recipes", :line 80}
11:31:38.228 [nREPL-session-cb7f07df-c834-4db8-b945-1b91d5067be1] INFO  o.e.jetty.server.AbstractConnector - Stopped ServerConnector@27c5171c{HTTP/1.1, (http/1.1, h2c)}{localhost:3000}
11:31:38.229 [nREPL-session-cb7f07df-c834-4db8-b945-1b91d5067be1] INFO  o.e.j.server.handler.ContextHandler - Stopped o.e.j.s.ServletContextHandler@24051b69{/,null,STOPPED}
11:31:38.349 [nREPL-session-cb7f07df-c834-4db8-b945-1b91d5067be1] INFO  org.eclipse.jetty.server.Server - jetty-9.4.44.v20210927; built: 2021-09-27T23:02:44.612Z; git: 8da83308eeca865e495e53ef315a249d63ba9332; jvm 17.0.2+8
11:31:38.350 [nREPL-session-cb7f07df-c834-4db8-b945-1b91d5067be1] INFO  o.e.j.server.handler.ContextHandler - Started o.e.j.s.ServletContextHandler@1d84af10{/,null,AVAILABLE}
11:31:38.351 [nREPL-session-cb7f07df-c834-4db8-b945-1b91d5067be1] INFO  o.e.jetty.server.AbstractConnector - Started ServerConnector@309d022b{HTTP/1.1, (http/1.1, h2c)}{localhost:3000}
11:31:38.351 [nREPL-session-cb7f07df-c834-4db8-b945-1b91d5067be1] INFO  org.eclipse.jetty.server.Server - Started @521990ms
11:31:44.550 [nREPL-session-cb7f07df-c834-4db8-b945-1b91d5067be1] INFO  io.pedestal.http - {:msg "GET /recipes", :line 80}
11:31:44.552 [nREPL-session-cb7f07df-c834-4db8-b945-1b91d5067be1] ERROR i.p.http.impl.servlet-interceptor - {:msg "Dev interceptor caught an exception; Forwarding it as the response.", :line 314}
clojure.lang.ExceptionInfo: clojure.lang.ArityException in Interceptor :io.pedestal.http.route/router - Wrong number of args (0) passed to: clojure.lang.PersistentHashSet
	at io.pedestal.interceptor.chain$throwable__GT_ex_info.invokeStatic(chain.clj:35)
	at io.pedestal.interceptor.chain$throwable__GT_ex_info.invoke(chain.clj:32)
	at io.pedestal.interceptor.chain$try_f.invokeStatic(chain.clj:57)
	at io.pedestal.interceptor.chain$try_f.invoke(chain.clj:44)
	at io.pedestal.interceptor.chain$process_all_with_binding.invokeStatic(chain.clj:171)
	at io.pedestal.interceptor.chain$process_all_with_binding.invoke(chain.clj:146)
	at io.pedestal.interceptor.chain$process_all$fn__12640.invoke(chain.clj:188)
	at clojure.lang.AFn.applyToHelper(AFn.java:152)
	at clojure.lang.AFn.applyTo(AFn.java:144)
	at clojure.core$apply.invokeStatic(core.clj:667)
	at clojure.core$with_bindings_STAR_.invokeStatic(core.clj:1990)
	at clojure.core$with_bindings_STAR_.doInvoke(core.clj:1990)
	at clojure.lang.RestFn.invoke(RestFn.java:425)
	at io.pedestal.interceptor.chain$process_all.invokeStatic(chain.clj:186)
	at io.pedestal.interceptor.chain$process_all.invoke(chain.clj:182)
	at io.pedestal.interceptor.chain$enter_all.invokeStatic(chain.clj:235)
	at io.pedestal.interceptor.chain$enter_all.invoke(chain.clj:229)
	at io.pedestal.interceptor.chain$execute.invokeStatic(chain.clj:379)
	at io.pedestal.interceptor.chain$execute.invoke(chain.clj:352)
	at io.pedestal.interceptor.chain$execute.invokeStatic(chain.clj:389)
	at io.pedestal.interceptor.chain$execute.invoke(chain.clj:352)
	at io.pedestal.http.impl.servlet_interceptor$interceptor_service_fn$fn__16869.invoke(servlet_interceptor.clj:351)
	at io.pedestal.http.servlet.FnServlet.service(servlet.clj:28)
	at io.pedestal.test$servlet_response_for.invokeStatic(test.clj:242)
	at io.pedestal.test$servlet_response_for.doInvoke(test.clj:232)
	at clojure.lang.RestFn.applyTo(RestFn.java:146)
	at clojure.core$apply.invokeStatic(core.clj:673)
	at clojure.core$apply.invoke(core.clj:662)
	at io.pedestal.test$raw_response_for.invokeStatic(test.clj:261)
	at io.pedestal.test$raw_response_for.doInvoke(test.clj:249)
	at clojure.lang.RestFn.applyTo(RestFn.java:146)
	at clojure.core$apply.invokeStatic(core.clj:673)
	at clojure.core$apply.invoke(core.clj:662)
	at io.pedestal.test$response_for.invokeStatic(test.clj:283)
	at io.pedestal.test$response_for.doInvoke(test.clj:271)
	at clojure.lang.RestFn.invoke(RestFn.java:494)
	at dev$eval19482.invokeStatic(dev.clj:62)
	at dev$eval19482.invoke(dev.clj:62)
	at clojure.lang.Compiler.eval(Compiler.java:7194)
	at clojure.lang.Compiler.eval(Compiler.java:7149)
	at clojure.core$eval.invokeStatic(core.clj:3215)
	at clojure.core$eval.invoke(core.clj:3211)
	at nrepl.middleware.interruptible_eval$evaluate$fn__978$fn__979.invoke(interruptible_eval.clj:87)
	at clojure.lang.AFn.applyToHelper(AFn.java:152)
	at clojure.lang.AFn.applyTo(AFn.java:144)
	at clojure.core$apply.invokeStatic(core.clj:667)
	at clojure.core$with_bindings_STAR_.invokeStatic(core.clj:1990)
	at clojure.core$with_bindings_STAR_.doInvoke(core.clj:1990)
	at clojure.lang.RestFn.invoke(RestFn.java:425)
	at nrepl.middleware.interruptible_eval$evaluate$fn__978.invoke(interruptible_eval.clj:87)
	at clojure.main$repl$read_eval_print__9206$fn__9209.invoke(main.clj:437)
	at clojure.main$repl$read_eval_print__9206.invoke(main.clj:437)
	at clojure.main$repl$fn__9215.invoke(main.clj:458)
	at clojure.main$repl.invokeStatic(main.clj:458)
	at clojure.main$repl.doInvoke(main.clj:368)
	at clojure.lang.RestFn.invoke(RestFn.java:1523)
	at nrepl.middleware.interruptible_eval$evaluate.invokeStatic(interruptible_eval.clj:84)
	at nrepl.middleware.interruptible_eval$evaluate.invoke(interruptible_eval.clj:56)
	at nrepl.middleware.interruptible_eval$interruptible_eval$fn__1009$fn__1013.invoke(interruptible_eval.clj:152)
	at clojure.lang.AFn.run(AFn.java:22)
	at nrepl.middleware.session$session_exec$main_loop__1077$fn__1081.invoke(session.clj:202)
	at nrepl.middleware.session$session_exec$main_loop__1077.invoke(session.clj:201)
	at clojure.lang.AFn.run(AFn.java:22)
	at java.base/java.lang.Thread.run(Thread.java:833)
Caused by: clojure.lang.ArityException: Wrong number of args (0) passed to: clojure.lang.PersistentHashSet
	at clojure.lang.AFn.throwArity(AFn.java:429)
	at clojure.lang.AFn.invoke(AFn.java:28)
	at cheffy.components.api_server$cheffy_routes$fn__19366.invoke(api_server.clj:15)
	at io.pedestal.http.route$eval13767$fn__13768$fn__13769.invoke(route.clj:470)
	at io.pedestal.interceptor.chain$try_f.invokeStatic(chain.clj:54)
	... 61 common frames omitted
11:32:34.062 [nREPL-session-cb7f07df-c834-4db8-b945-1b91d5067be1] INFO  o.e.jetty.server.AbstractConnector - Stopped ServerConnector@309d022b{HTTP/1.1, (http/1.1, h2c)}{localhost:3000}
11:32:34.062 [nREPL-session-cb7f07df-c834-4db8-b945-1b91d5067be1] INFO  o.e.j.server.handler.ContextHandler - Stopped o.e.j.s.ServletContextHandler@1d84af10{/,null,STOPPED}
11:32:34.110 [nREPL-session-cb7f07df-c834-4db8-b945-1b91d5067be1] INFO  org.eclipse.jetty.server.Server - jetty-9.4.44.v20210927; built: 2021-09-27T23:02:44.612Z; git: 8da83308eeca865e495e53ef315a249d63ba9332; jvm 17.0.2+8
11:32:34.112 [nREPL-session-cb7f07df-c834-4db8-b945-1b91d5067be1] INFO  o.e.j.server.handler.ContextHandler - Started o.e.j.s.ServletContextHandler@4c00340c{/,null,AVAILABLE}
11:32:34.113 [nREPL-session-cb7f07df-c834-4db8-b945-1b91d5067be1] INFO  o.e.jetty.server.AbstractConnector - Started ServerConnector@2f4a60c8{HTTP/1.1, (http/1.1, h2c)}{localhost:3000}
11:32:34.113 [nREPL-session-cb7f07df-c834-4db8-b945-1b91d5067be1] INFO  org.eclipse.jetty.server.Server - Started @577751ms
11:32:42.385 [nREPL-session-cb7f07df-c834-4db8-b945-1b91d5067be1] INFO  o.e.jetty.server.AbstractConnector - Stopped ServerConnector@2f4a60c8{HTTP/1.1, (http/1.1, h2c)}{localhost:3000}
11:32:42.385 [nREPL-session-cb7f07df-c834-4db8-b945-1b91d5067be1] INFO  o.e.j.server.handler.ContextHandler - Stopped o.e.j.s.ServletContextHandler@4c00340c{/,null,STOPPED}
11:32:42.430 [nREPL-session-cb7f07df-c834-4db8-b945-1b91d5067be1] INFO  org.eclipse.jetty.server.Server - jetty-9.4.44.v20210927; built: 2021-09-27T23:02:44.612Z; git: 8da83308eeca865e495e53ef315a249d63ba9332; jvm 17.0.2+8
11:32:42.431 [nREPL-session-cb7f07df-c834-4db8-b945-1b91d5067be1] INFO  o.e.j.server.handler.ContextHandler - Started o.e.j.s.ServletContextHandler@580b30bc{/,null,AVAILABLE}
11:32:42.432 [nREPL-session-cb7f07df-c834-4db8-b945-1b91d5067be1] INFO  o.e.jetty.server.AbstractConnector - Started ServerConnector@4ead74ab{HTTP/1.1, (http/1.1, h2c)}{localhost:3000}
11:32:42.432 [nREPL-session-cb7f07df-c834-4db8-b945-1b91d5067be1] INFO  org.eclipse.jetty.server.Server - Started @586070ms
11:32:53.491 [nREPL-session-cb7f07df-c834-4db8-b945-1b91d5067be1] INFO  io.pedestal.http - {:msg "GET /recipes", :line 80}
11:33:09.406 [nREPL-session-cb7f07df-c834-4db8-b945-1b91d5067be1] INFO  io.pedestal.http - {:msg "GET /recipes", :line 80}
11:33:27.362 [nREPL-session-cb7f07df-c834-4db8-b945-1b91d5067be1] INFO  io.pedestal.http - {:msg "GET /recipes", :line 80}
11:33:32.433 [nREPL-session-cb7f07df-c834-4db8-b945-1b91d5067be1] INFO  io.pedestal.http - {:msg "GET /recipes", :line 80}
11:34:26.953 [nREPL-session-cb7f07df-c834-4db8-b945-1b91d5067be1] INFO  o.e.jetty.server.AbstractConnector - Stopped ServerConnector@4ead74ab{HTTP/1.1, (http/1.1, h2c)}{localhost:3000}
11:34:26.953 [nREPL-session-cb7f07df-c834-4db8-b945-1b91d5067be1] INFO  o.e.j.server.handler.ContextHandler - Stopped o.e.j.s.ServletContextHandler@580b30bc{/,null,STOPPED}
11:34:27.013 [nREPL-session-cb7f07df-c834-4db8-b945-1b91d5067be1] INFO  org.eclipse.jetty.server.Server - jetty-9.4.44.v20210927; built: 2021-09-27T23:02:44.612Z; git: 8da83308eeca865e495e53ef315a249d63ba9332; jvm 17.0.2+8
11:34:27.015 [nREPL-session-cb7f07df-c834-4db8-b945-1b91d5067be1] INFO  o.e.j.server.handler.ContextHandler - Started o.e.j.s.ServletContextHandler@4529ee85{/,null,AVAILABLE}
11:34:27.016 [nREPL-session-cb7f07df-c834-4db8-b945-1b91d5067be1] INFO  o.e.jetty.server.AbstractConnector - Started ServerConnector@48182768{HTTP/1.1, (http/1.1, h2c)}{localhost:3000}
11:34:27.016 [nREPL-session-cb7f07df-c834-4db8-b945-1b91d5067be1] INFO  org.eclipse.jetty.server.Server - Started @690655ms
11:34:51.995 [nREPL-session-cb7f07df-c834-4db8-b945-1b91d5067be1] INFO  io.pedestal.http - {:msg "GET /recipes", :line 80}
11:35:05.465 [nREPL-session-cb7f07df-c834-4db8-b945-1b91d5067be1] INFO  io.pedestal.http - {:msg "GET /recipes", :line 80}
11:35:08.839 [nREPL-session-cb7f07df-c834-4db8-b945-1b91d5067be1] INFO  io.pedestal.http - {:msg "GET /recipes", :line 80}
11:35:50.176 [nREPL-session-cb7f07df-c834-4db8-b945-1b91d5067be1] INFO  o.e.jetty.server.AbstractConnector - Stopped ServerConnector@48182768{HTTP/1.1, (http/1.1, h2c)}{localhost:3000}
11:35:50.176 [nREPL-session-cb7f07df-c834-4db8-b945-1b91d5067be1] INFO  o.e.j.server.handler.ContextHandler - Stopped o.e.j.s.ServletContextHandler@4529ee85{/,null,STOPPED}
11:35:50.237 [nREPL-session-cb7f07df-c834-4db8-b945-1b91d5067be1] INFO  org.eclipse.jetty.server.Server - jetty-9.4.44.v20210927; built: 2021-09-27T23:02:44.612Z; git: 8da83308eeca865e495e53ef315a249d63ba9332; jvm 17.0.2+8
11:35:50.238 [nREPL-session-cb7f07df-c834-4db8-b945-1b91d5067be1] INFO  o.e.j.server.handler.ContextHandler - Started o.e.j.s.ServletContextHandler@36e5ba4d{/,null,AVAILABLE}
11:35:50.239 [nREPL-session-cb7f07df-c834-4db8-b945-1b91d5067be1] INFO  o.e.jetty.server.AbstractConnector - Started ServerConnector@52cead20{HTTP/1.1, (http/1.1, h2c)}{localhost:3000}
11:35:50.239 [nREPL-session-cb7f07df-c834-4db8-b945-1b91d5067be1] INFO  org.eclipse.jetty.server.Server - Started @773878ms
11:35:57.892 [nREPL-session-cb7f07df-c834-4db8-b945-1b91d5067be1] INFO  io.pedestal.http - {:msg "GET /recipes", :line 80}
11:36:08.288 [nREPL-session-cb7f07df-c834-4db8-b945-1b91d5067be1] INFO  io.pedestal.http - {:msg "GET /recipes", :line 80}
11:36:12.727 [nREPL-session-cb7f07df-c834-4db8-b945-1b91d5067be1] INFO  io.pedestal.http - {:msg "GET /recipes", :line 80}
11:39:09.389 [nREPL-session-14802b3e-8809-4311-b018-4f88cdfed70d] INFO  org.eclipse.jetty.util.log - Logging initialized @40296ms to org.eclipse.jetty.util.log.Slf4jLog
11:39:09.487 [nREPL-session-14802b3e-8809-4311-b018-4f88cdfed70d] INFO  org.eclipse.jetty.server.Server - jetty-9.4.44.v20210927; built: 2021-09-27T23:02:44.612Z; git: 8da83308eeca865e495e53ef315a249d63ba9332; jvm 17.0.2+8
11:39:09.509 [nREPL-session-14802b3e-8809-4311-b018-4f88cdfed70d] INFO  o.e.j.server.handler.ContextHandler - Started o.e.j.s.ServletContextHandler@670a68b4{/,null,AVAILABLE}
11:39:09.517 [nREPL-session-14802b3e-8809-4311-b018-4f88cdfed70d] INFO  o.e.jetty.server.AbstractConnector - Started ServerConnector@3a108b3d{HTTP/1.1, (http/1.1, h2c)}{localhost:3000}
11:39:09.517 [nREPL-session-14802b3e-8809-4311-b018-4f88cdfed70d] INFO  org.eclipse.jetty.server.Server - Started @40426ms
11:39:11.810 [nREPL-session-14802b3e-8809-4311-b018-4f88cdfed70d] INFO  io.pedestal.http - {:msg "GET /recipes", :line 80}
11:39:25.963 [nREPL-session-14802b3e-8809-4311-b018-4f88cdfed70d] INFO  io.pedestal.http - {:msg "GET /recipes", :line 80}
13:44:03.638 [nREPL-session-14802b3e-8809-4311-b018-4f88cdfed70d] INFO  o.e.jetty.server.AbstractConnector - Stopped ServerConnector@3a108b3d{HTTP/1.1, (http/1.1, h2c)}{localhost:3000}
13:44:03.641 [nREPL-session-14802b3e-8809-4311-b018-4f88cdfed70d] INFO  o.e.j.server.handler.ContextHandler - Stopped o.e.j.s.ServletContextHandler@670a68b4{/,null,STOPPED}
13:44:03.760 [nREPL-session-14802b3e-8809-4311-b018-4f88cdfed70d] INFO  org.eclipse.jetty.server.Server - jetty-9.4.44.v20210927; built: 2021-09-27T23:02:44.612Z; git: 8da83308eeca865e495e53ef315a249d63ba9332; jvm 17.0.2+8
13:44:03.767 [nREPL-session-14802b3e-8809-4311-b018-4f88cdfed70d] INFO  o.e.j.server.handler.ContextHandler - Started o.e.j.s.ServletContextHandler@2f89bcd3{/,null,AVAILABLE}
13:44:03.768 [nREPL-session-14802b3e-8809-4311-b018-4f88cdfed70d] INFO  o.e.jetty.server.AbstractConnector - Started ServerConnector@2f588c02{HTTP/1.1, (http/1.1, h2c)}{localhost:3000}
13:44:03.769 [nREPL-session-14802b3e-8809-4311-b018-4f88cdfed70d] INFO  org.eclipse.jetty.server.Server - Started @7534696ms
13:44:09.545 [nREPL-session-14802b3e-8809-4311-b018-4f88cdfed70d] INFO  io.pedestal.http - {:msg "GET /recipes", :line 80}
13:44:24.021 [nREPL-session-14802b3e-8809-4311-b018-4f88cdfed70d] INFO  io.pedestal.http - {:msg "GET /recipes", :line 80}
13:46:40.594 [nREPL-session-9baf4763-d0d6-4ab9-8ffe-4675053d90d9] INFO  org.eclipse.jetty.util.log - Logging initialized @32657ms to org.eclipse.jetty.util.log.Slf4jLog
13:46:40.703 [nREPL-session-9baf4763-d0d6-4ab9-8ffe-4675053d90d9] INFO  org.eclipse.jetty.server.Server - jetty-9.4.44.v20210927; built: 2021-09-27T23:02:44.612Z; git: 8da83308eeca865e495e53ef315a249d63ba9332; jvm 17.0.2+8
13:46:40.722 [nREPL-session-9baf4763-d0d6-4ab9-8ffe-4675053d90d9] INFO  o.e.j.server.handler.ContextHandler - Started o.e.j.s.ServletContextHandler@5731723e{/,null,AVAILABLE}
13:46:40.738 [nREPL-session-9baf4763-d0d6-4ab9-8ffe-4675053d90d9] INFO  o.e.jetty.server.AbstractConnector - Started ServerConnector@635c9ecd{HTTP/1.1, (http/1.1, h2c)}{localhost:3000}
13:46:40.739 [nREPL-session-9baf4763-d0d6-4ab9-8ffe-4675053d90d9] INFO  org.eclipse.jetty.server.Server - Started @32803ms
13:48:23.546 [nREPL-session-9baf4763-d0d6-4ab9-8ffe-4675053d90d9] INFO  io.pedestal.http - {:msg "GET /recipes", :line 80}
13:48:32.437 [nREPL-session-9baf4763-d0d6-4ab9-8ffe-4675053d90d9] INFO  o.e.jetty.server.AbstractConnector - Stopped ServerConnector@635c9ecd{HTTP/1.1, (http/1.1, h2c)}{localhost:3000}
13:48:32.438 [nREPL-session-9baf4763-d0d6-4ab9-8ffe-4675053d90d9] INFO  o.e.j.server.handler.ContextHandler - Stopped o.e.j.s.ServletContextHandler@5731723e{/,null,STOPPED}
13:48:32.562 [nREPL-session-9baf4763-d0d6-4ab9-8ffe-4675053d90d9] INFO  org.eclipse.jetty.server.Server - jetty-9.4.44.v20210927; built: 2021-09-27T23:02:44.612Z; git: 8da83308eeca865e495e53ef315a249d63ba9332; jvm 17.0.2+8
13:48:32.563 [nREPL-session-9baf4763-d0d6-4ab9-8ffe-4675053d90d9] INFO  o.e.j.server.handler.ContextHandler - Started o.e.j.s.ServletContextHandler@5b542d52{/,null,AVAILABLE}
13:48:32.564 [nREPL-session-9baf4763-d0d6-4ab9-8ffe-4675053d90d9] INFO  o.e.jetty.server.AbstractConnector - Started ServerConnector@b9f65fa{HTTP/1.1, (http/1.1, h2c)}{localhost:3000}
13:48:32.564 [nREPL-session-9baf4763-d0d6-4ab9-8ffe-4675053d90d9] INFO  org.eclipse.jetty.server.Server - Started @144627ms
13:48:38.282 [nREPL-session-9baf4763-d0d6-4ab9-8ffe-4675053d90d9] INFO  io.pedestal.http - {:msg "GET /recipes", :line 80}
13:48:58.337 [nREPL-session-9baf4763-d0d6-4ab9-8ffe-4675053d90d9] INFO  io.pedestal.http - {:msg "GET /recipes", :line 80}
13:53:49.401 [nREPL-session-1af92e55-2dd2-4a07-97c9-da6f54f86587] INFO  org.eclipse.jetty.util.log - Logging initialized @20066ms to org.eclipse.jetty.util.log.Slf4jLog
13:53:49.485 [nREPL-session-1af92e55-2dd2-4a07-97c9-da6f54f86587] INFO  org.eclipse.jetty.server.Server - jetty-9.4.44.v20210927; built: 2021-09-27T23:02:44.612Z; git: 8da83308eeca865e495e53ef315a249d63ba9332; jvm 17.0.2+8
13:53:49.501 [nREPL-session-1af92e55-2dd2-4a07-97c9-da6f54f86587] INFO  o.e.j.server.handler.ContextHandler - Started o.e.j.s.ServletContextHandler@64760488{/,null,AVAILABLE}
13:53:49.510 [nREPL-session-1af92e55-2dd2-4a07-97c9-da6f54f86587] INFO  o.e.jetty.server.AbstractConnector - Started ServerConnector@2efec585{HTTP/1.1, (http/1.1, h2c)}{localhost:3000}
13:53:49.510 [nREPL-session-1af92e55-2dd2-4a07-97c9-da6f54f86587] INFO  org.eclipse.jetty.server.Server - Started @20177ms
13:54:42.621 [nREPL-session-1af92e55-2dd2-4a07-97c9-da6f54f86587] INFO  io.pedestal.http - {:msg "GET /recipes", :line 80}
13:54:52.687 [nREPL-session-1af92e55-2dd2-4a07-97c9-da6f54f86587] INFO  o.e.jetty.server.AbstractConnector - Stopped ServerConnector@2efec585{HTTP/1.1, (http/1.1, h2c)}{localhost:3000}
13:54:52.688 [nREPL-session-1af92e55-2dd2-4a07-97c9-da6f54f86587] INFO  o.e.j.server.handler.ContextHandler - Stopped o.e.j.s.ServletContextHandler@64760488{/,null,STOPPED}
13:54:52.794 [nREPL-session-1af92e55-2dd2-4a07-97c9-da6f54f86587] INFO  org.eclipse.jetty.server.Server - jetty-9.4.44.v20210927; built: 2021-09-27T23:02:44.612Z; git: 8da83308eeca865e495e53ef315a249d63ba9332; jvm 17.0.2+8
13:54:52.795 [nREPL-session-1af92e55-2dd2-4a07-97c9-da6f54f86587] INFO  o.e.j.server.handler.ContextHandler - Started o.e.j.s.ServletContextHandler@1f003865{/,null,AVAILABLE}
13:54:52.796 [nREPL-session-1af92e55-2dd2-4a07-97c9-da6f54f86587] INFO  o.e.jetty.server.AbstractConnector - Started ServerConnector@1287990{HTTP/1.1, (http/1.1, h2c)}{localhost:3000}
13:54:52.796 [nREPL-session-1af92e55-2dd2-4a07-97c9-da6f54f86587] INFO  org.eclipse.jetty.server.Server - Started @83463ms
13:55:13.379 [nREPL-session-1af92e55-2dd2-4a07-97c9-da6f54f86587] INFO  io.pedestal.http - {:msg "GET /recipes", :line 80}
13:55:55.951 [nREPL-session-1af92e55-2dd2-4a07-97c9-da6f54f86587] INFO  io.pedestal.http - {:msg "GET /recipes", :line 80}
13:58:51.319 [nREPL-session-1af92e55-2dd2-4a07-97c9-da6f54f86587] INFO  o.e.jetty.server.AbstractConnector - Stopped ServerConnector@1287990{HTTP/1.1, (http/1.1, h2c)}{localhost:3000}
13:58:51.320 [nREPL-session-1af92e55-2dd2-4a07-97c9-da6f54f86587] INFO  o.e.j.server.handler.ContextHandler - Stopped o.e.j.s.ServletContextHandler@1f003865{/,null,STOPPED}
13:58:51.402 [nREPL-session-1af92e55-2dd2-4a07-97c9-da6f54f86587] INFO  org.eclipse.jetty.server.Server - jetty-9.4.44.v20210927; built: 2021-09-27T23:02:44.612Z; git: 8da83308eeca865e495e53ef315a249d63ba9332; jvm 17.0.2+8
13:58:51.403 [nREPL-session-1af92e55-2dd2-4a07-97c9-da6f54f86587] INFO  o.e.j.server.handler.ContextHandler - Started o.e.j.s.ServletContextHandler@368bff8{/,null,AVAILABLE}
13:58:51.404 [nREPL-session-1af92e55-2dd2-4a07-97c9-da6f54f86587] INFO  o.e.jetty.server.AbstractConnector - Started ServerConnector@5623bb42{HTTP/1.1, (http/1.1, h2c)}{localhost:3000}
13:58:51.404 [nREPL-session-1af92e55-2dd2-4a07-97c9-da6f54f86587] INFO  org.eclipse.jetty.server.Server - Started @322072ms
13:58:55.431 [nREPL-session-1af92e55-2dd2-4a07-97c9-da6f54f86587] INFO  io.pedestal.http - {:msg "GET /recipes", :line 80}
13:59:22.972 [nREPL-session-1af92e55-2dd2-4a07-97c9-da6f54f86587] INFO  io.pedestal.http - {:msg "GET /recipes", :line 80}
