10:39:27.202 [nREPL-session-6a9532df-c701-4781-ba94-271ef6c7ac73] INFO  org.eclipse.jetty.util.log - Logging initialized @368295ms to org.eclipse.jetty.util.log.Slf4jLog
10:39:27.389 [nREPL-session-6a9532df-c701-4781-ba94-271ef6c7ac73] INFO  org.eclipse.jetty.server.Server - jetty-9.4.44.v20210927; built: 2021-09-27T23:02:44.612Z; git: 8da83308eeca865e495e53ef315a249d63ba9332; jvm 17.0.2+8
10:39:27.425 [nREPL-session-6a9532df-c701-4781-ba94-271ef6c7ac73] INFO  o.e.j.server.handler.ContextHandler - Started o.e.j.s.ServletContextHandler@6e6c2f44{/,null,AVAILABLE}
10:39:27.454 [nREPL-session-6a9532df-c701-4781-ba94-271ef6c7ac73] INFO  o.e.jetty.server.AbstractConnector - Started ServerConnector@23ab57e{HTTP/1.1, (http/1.1, h2c)}{localhost:3000}
10:39:27.454 [nREPL-session-6a9532df-c701-4781-ba94-271ef6c7ac73] INFO  org.eclipse.jetty.server.Server - Started @368549ms
10:55:24.724 [nREPL-session-45f7964c-e6b6-42f5-b3c3-7ad872abe8c0] INFO  org.eclipse.jetty.util.log - Logging initialized @25111ms to org.eclipse.jetty.util.log.Slf4jLog
10:55:24.845 [nREPL-session-45f7964c-e6b6-42f5-b3c3-7ad872abe8c0] INFO  org.eclipse.jetty.server.Server - jetty-9.4.44.v20210927; built: 2021-09-27T23:02:44.612Z; git: 8da83308eeca865e495e53ef315a249d63ba9332; jvm 17.0.2+8
10:55:24.865 [nREPL-session-45f7964c-e6b6-42f5-b3c3-7ad872abe8c0] INFO  o.e.j.server.handler.ContextHandler - Started o.e.j.s.ServletContextHandler@57f3cb71{/,null,AVAILABLE}
10:55:24.876 [nREPL-session-45f7964c-e6b6-42f5-b3c3-7ad872abe8c0] INFO  o.e.jetty.server.AbstractConnector - Started ServerConnector@2d434bd{HTTP/1.1, (http/1.1, h2c)}{localhost:3000}
10:55:24.876 [nREPL-session-45f7964c-e6b6-42f5-b3c3-7ad872abe8c0] INFO  org.eclipse.jetty.server.Server - Started @25265ms
15:39:10.000 [nREPL-session-45f7964c-e6b6-42f5-b3c3-7ad872abe8c0] INFO  io.pedestal.http - {:msg "GET /conversations", :line 80}
15:39:17.123 [nREPL-session-45f7964c-e6b6-42f5-b3c3-7ad872abe8c0] INFO  o.e.jetty.server.AbstractConnector - Stopped ServerConnector@2d434bd{HTTP/1.1, (http/1.1, h2c)}{localhost:3000}
15:39:17.125 [nREPL-session-45f7964c-e6b6-42f5-b3c3-7ad872abe8c0] INFO  o.e.j.server.handler.ContextHandler - Stopped o.e.j.s.ServletContextHandler@57f3cb71{/,null,STOPPED}
15:39:17.345 [nREPL-session-45f7964c-e6b6-42f5-b3c3-7ad872abe8c0] INFO  org.eclipse.jetty.server.Server - jetty-9.4.44.v20210927; built: 2021-09-27T23:02:44.612Z; git: 8da83308eeca865e495e53ef315a249d63ba9332; jvm 17.0.2+8
15:39:17.347 [nREPL-session-45f7964c-e6b6-42f5-b3c3-7ad872abe8c0] INFO  o.e.j.server.handler.ContextHandler - Started o.e.j.s.ServletContextHandler@48c8eeab{/,null,AVAILABLE}
15:39:17.349 [nREPL-session-45f7964c-e6b6-42f5-b3c3-7ad872abe8c0] INFO  o.e.jetty.server.AbstractConnector - Started ServerConnector@6cc14d8d{HTTP/1.1, (http/1.1, h2c)}{localhost:3000}
15:39:17.349 [nREPL-session-45f7964c-e6b6-42f5-b3c3-7ad872abe8c0] INFO  org.eclipse.jetty.server.Server - Started @17057706ms
15:39:19.834 [nREPL-session-45f7964c-e6b6-42f5-b3c3-7ad872abe8c0] INFO  io.pedestal.http - {:msg "GET /conversations", :line 80}
16:00:33.172 [nREPL-session-89251a1f-7f46-43d7-bae0-d9477b29fd54] INFO  org.eclipse.jetty.util.log - Logging initialized @129078ms to org.eclipse.jetty.util.log.Slf4jLog
16:00:33.293 [nREPL-session-89251a1f-7f46-43d7-bae0-d9477b29fd54] INFO  org.eclipse.jetty.server.Server - jetty-9.4.44.v20210927; built: 2021-09-27T23:02:44.612Z; git: 8da83308eeca865e495e53ef315a249d63ba9332; jvm 17.0.2+8
16:00:33.318 [nREPL-session-89251a1f-7f46-43d7-bae0-d9477b29fd54] INFO  o.e.j.server.handler.ContextHandler - Started o.e.j.s.ServletContextHandler@3d6dca6e{/,null,AVAILABLE}
16:00:33.330 [nREPL-session-89251a1f-7f46-43d7-bae0-d9477b29fd54] INFO  o.e.jetty.server.AbstractConnector - Started ServerConnector@5f9f42e4{HTTP/1.1, (http/1.1, h2c)}{localhost:3000}
16:00:33.330 [nREPL-session-89251a1f-7f46-43d7-bae0-d9477b29fd54] INFO  org.eclipse.jetty.server.Server - Started @129238ms
16:56:12.698 [nREPL-session-e97cc27e-053d-4273-b452-637a119b296b] INFO  org.eclipse.jetty.util.log - Logging initialized @15548ms to org.eclipse.jetty.util.log.Slf4jLog
16:56:12.806 [nREPL-session-e97cc27e-053d-4273-b452-637a119b296b] INFO  org.eclipse.jetty.server.Server - jetty-9.4.44.v20210927; built: 2021-09-27T23:02:44.612Z; git: 8da83308eeca865e495e53ef315a249d63ba9332; jvm 17.0.2+8
16:56:12.830 [nREPL-session-e97cc27e-053d-4273-b452-637a119b296b] INFO  o.e.j.server.handler.ContextHandler - Started o.e.j.s.ServletContextHandler@1ae6c5ce{/,null,AVAILABLE}
16:56:12.839 [nREPL-session-e97cc27e-053d-4273-b452-637a119b296b] INFO  o.e.jetty.server.AbstractConnector - Started ServerConnector@7e959c34{HTTP/1.1, (http/1.1, h2c)}{localhost:3000}
16:56:12.839 [nREPL-session-e97cc27e-053d-4273-b452-637a119b296b] INFO  org.eclipse.jetty.server.Server - Started @15690ms
16:56:19.440 [nREPL-session-e97cc27e-053d-4273-b452-637a119b296b] INFO  io.pedestal.http - {:msg "POST /conversations", :line 80}
16:56:19.470 [nREPL-session-e97cc27e-053d-4273-b452-637a119b296b] INFO  io.pedestal.http - {:msg "POST /conversations/b1f4ccf4-aad6-43e7-bdb0-a8c3e74fb533", :line 80}
16:56:19.478 [nREPL-session-e97cc27e-053d-4273-b452-637a119b296b] INFO  io.pedestal.http - {:msg "GET /conversations", :line 80}
