09:51:50.460 [nREPL-session-51fcdaa7-2acc-4a0e-a988-057f262b6a2a] INFO  org.eclipse.jetty.util.log - Logging initialized @15979ms to org.eclipse.jetty.util.log.Slf4jLog
09:51:50.632 [nREPL-session-51fcdaa7-2acc-4a0e-a988-057f262b6a2a] INFO  org.eclipse.jetty.server.Server - jetty-9.4.44.v20210927; built: 2021-09-27T23:02:44.612Z; git: 8da83308eeca865e495e53ef315a249d63ba9332; jvm 17.0.2+8
09:51:50.658 [nREPL-session-51fcdaa7-2acc-4a0e-a988-057f262b6a2a] INFO  o.e.j.server.handler.ContextHandler - Started o.e.j.s.ServletContextHandler@3807fed2{/,null,AVAILABLE}
09:51:50.673 [nREPL-session-51fcdaa7-2acc-4a0e-a988-057f262b6a2a] INFO  o.e.jetty.server.AbstractConnector - Started ServerConnector@221e3de{HTTP/1.1, (http/1.1, h2c)}{localhost:3000}
09:51:50.674 [nREPL-session-51fcdaa7-2acc-4a0e-a988-057f262b6a2a] INFO  org.eclipse.jetty.server.Server - Started @16194ms
10:38:01.804 [nREPL-session-51fcdaa7-2acc-4a0e-a988-057f262b6a2a] INFO  io.pedestal.http - {:msg "POST /conversations", :line 80}
10:38:01.838 [nREPL-session-51fcdaa7-2acc-4a0e-a988-057f262b6a2a] INFO  io.pedestal.http - {:msg "POST /conversations/b45a7724-494c-4fc2-8519-a41f498d8a39", :line 80}
10:38:01.848 [nREPL-session-51fcdaa7-2acc-4a0e-a988-057f262b6a2a] INFO  io.pedestal.http - {:msg "GET /conversations", :line 80}
10:38:01.862 [nREPL-session-51fcdaa7-2acc-4a0e-a988-057f262b6a2a] INFO  io.pedestal.http - {:msg "GET /conversations/b45a7724-494c-4fc2-8519-a41f498d8a39", :line 80}
10:38:18.533 [nREPL-session-51fcdaa7-2acc-4a0e-a988-057f262b6a2a] INFO  io.pedestal.http - {:msg "POST /conversations", :line 80}
10:38:18.540 [nREPL-session-51fcdaa7-2acc-4a0e-a988-057f262b6a2a] INFO  io.pedestal.http - {:msg "POST /conversations/3bb43a2d-7488-4083-ba7f-002adc7d3b2e", :line 80}
10:38:18.547 [nREPL-session-51fcdaa7-2acc-4a0e-a988-057f262b6a2a] INFO  io.pedestal.http - {:msg "GET /conversations", :line 80}
10:38:18.556 [nREPL-session-51fcdaa7-2acc-4a0e-a988-057f262b6a2a] INFO  io.pedestal.http - {:msg "GET /conversations/3bb43a2d-7488-4083-ba7f-002adc7d3b2e", :line 80}
10:38:31.645 [nREPL-session-51fcdaa7-2acc-4a0e-a988-057f262b6a2a] INFO  o.e.jetty.server.AbstractConnector - Stopped ServerConnector@221e3de{HTTP/1.1, (http/1.1, h2c)}{localhost:3000}
10:38:31.646 [nREPL-session-51fcdaa7-2acc-4a0e-a988-057f262b6a2a] INFO  o.e.j.server.handler.ContextHandler - Stopped o.e.j.s.ServletContextHandler@3807fed2{/,null,STOPPED}
10:38:31.833 [nREPL-session-51fcdaa7-2acc-4a0e-a988-057f262b6a2a] INFO  org.eclipse.jetty.server.Server - jetty-9.4.44.v20210927; built: 2021-09-27T23:02:44.612Z; git: 8da83308eeca865e495e53ef315a249d63ba9332; jvm 17.0.2+8
10:38:31.834 [nREPL-session-51fcdaa7-2acc-4a0e-a988-057f262b6a2a] INFO  o.e.j.server.handler.ContextHandler - Started o.e.j.s.ServletContextHandler@70ae5055{/,null,AVAILABLE}
10:38:31.835 [nREPL-session-51fcdaa7-2acc-4a0e-a988-057f262b6a2a] INFO  o.e.jetty.server.AbstractConnector - Started ServerConnector@525e42e5{HTTP/1.1, (http/1.1, h2c)}{localhost:3000}
10:38:31.835 [nREPL-session-51fcdaa7-2acc-4a0e-a988-057f262b6a2a] INFO  org.eclipse.jetty.server.Server - Started @2817382ms
10:38:34.568 [nREPL-session-51fcdaa7-2acc-4a0e-a988-057f262b6a2a] INFO  io.pedestal.http - {:msg "POST /conversations", :line 80}
10:38:34.576 [nREPL-session-51fcdaa7-2acc-4a0e-a988-057f262b6a2a] INFO  io.pedestal.http - {:msg "POST /conversations/ea462347-b66d-4b53-b684-ab7d076c6ed1", :line 80}
10:38:34.583 [nREPL-session-51fcdaa7-2acc-4a0e-a988-057f262b6a2a] INFO  io.pedestal.http - {:msg "GET /conversations", :line 80}
10:38:34.592 [nREPL-session-51fcdaa7-2acc-4a0e-a988-057f262b6a2a] INFO  io.pedestal.http - {:msg "GET /conversations/ea462347-b66d-4b53-b684-ab7d076c6ed1", :line 80}
10:39:14.340 [nREPL-session-51fcdaa7-2acc-4a0e-a988-057f262b6a2a] INFO  io.pedestal.http - {:msg "POST /conversations", :line 80}
10:39:14.347 [nREPL-session-51fcdaa7-2acc-4a0e-a988-057f262b6a2a] INFO  io.pedestal.http - {:msg "POST /conversations/b9ba93b9-6673-4e14-b6f7-0d52531bb91c", :line 80}
10:39:14.353 [nREPL-session-51fcdaa7-2acc-4a0e-a988-057f262b6a2a] INFO  io.pedestal.http - {:msg "GET /conversations", :line 80}
10:39:14.361 [nREPL-session-51fcdaa7-2acc-4a0e-a988-057f262b6a2a] INFO  io.pedestal.http - {:msg "GET /conversations/b9ba93b9-6673-4e14-b6f7-0d52531bb91c", :line 80}
10:39:50.250 [nREPL-session-51fcdaa7-2acc-4a0e-a988-057f262b6a2a] INFO  o.e.jetty.server.AbstractConnector - Stopped ServerConnector@525e42e5{HTTP/1.1, (http/1.1, h2c)}{localhost:3000}
10:39:50.251 [nREPL-session-51fcdaa7-2acc-4a0e-a988-057f262b6a2a] INFO  o.e.j.server.handler.ContextHandler - Stopped o.e.j.s.ServletContextHandler@70ae5055{/,null,STOPPED}
10:39:50.316 [nREPL-session-51fcdaa7-2acc-4a0e-a988-057f262b6a2a] INFO  org.eclipse.jetty.server.Server - jetty-9.4.44.v20210927; built: 2021-09-27T23:02:44.612Z; git: 8da83308eeca865e495e53ef315a249d63ba9332; jvm 17.0.2+8
10:39:50.317 [nREPL-session-51fcdaa7-2acc-4a0e-a988-057f262b6a2a] INFO  o.e.j.server.handler.ContextHandler - Started o.e.j.s.ServletContextHandler@1965eb7b{/,null,AVAILABLE}
10:39:50.318 [nREPL-session-51fcdaa7-2acc-4a0e-a988-057f262b6a2a] INFO  o.e.jetty.server.AbstractConnector - Started ServerConnector@10ab27b5{HTTP/1.1, (http/1.1, h2c)}{localhost:3000}
10:39:50.318 [nREPL-session-51fcdaa7-2acc-4a0e-a988-057f262b6a2a] INFO  org.eclipse.jetty.server.Server - Started @2895866ms
10:39:54.122 [nREPL-session-51fcdaa7-2acc-4a0e-a988-057f262b6a2a] INFO  io.pedestal.http - {:msg "POST /conversations", :line 80}
10:39:54.128 [nREPL-session-51fcdaa7-2acc-4a0e-a988-057f262b6a2a] INFO  io.pedestal.http - {:msg "POST /conversations/d156478a-e556-454d-9431-50f830470da4", :line 80}
10:39:54.135 [nREPL-session-51fcdaa7-2acc-4a0e-a988-057f262b6a2a] INFO  io.pedestal.http - {:msg "GET /conversations", :line 80}
10:39:54.141 [nREPL-session-51fcdaa7-2acc-4a0e-a988-057f262b6a2a] INFO  io.pedestal.http - {:msg "GET /conversations/d156478a-e556-454d-9431-50f830470da4", :line 80}
10:40:03.372 [nREPL-session-51fcdaa7-2acc-4a0e-a988-057f262b6a2a] INFO  o.e.jetty.server.AbstractConnector - Stopped ServerConnector@10ab27b5{HTTP/1.1, (http/1.1, h2c)}{localhost:3000}
10:40:03.373 [nREPL-session-51fcdaa7-2acc-4a0e-a988-057f262b6a2a] INFO  o.e.j.server.handler.ContextHandler - Stopped o.e.j.s.ServletContextHandler@1965eb7b{/,null,STOPPED}
10:40:03.390 [nREPL-session-51fcdaa7-2acc-4a0e-a988-057f262b6a2a] INFO  org.eclipse.jetty.server.Server - jetty-9.4.44.v20210927; built: 2021-09-27T23:02:44.612Z; git: 8da83308eeca865e495e53ef315a249d63ba9332; jvm 17.0.2+8
10:40:03.391 [nREPL-session-51fcdaa7-2acc-4a0e-a988-057f262b6a2a] INFO  o.e.j.server.handler.ContextHandler - Started o.e.j.s.ServletContextHandler@97f49d4{/,null,AVAILABLE}
10:40:03.392 [nREPL-session-51fcdaa7-2acc-4a0e-a988-057f262b6a2a] INFO  o.e.jetty.server.AbstractConnector - Started ServerConnector@60e08b71{HTTP/1.1, (http/1.1, h2c)}{localhost:3000}
10:40:03.392 [nREPL-session-51fcdaa7-2acc-4a0e-a988-057f262b6a2a] INFO  org.eclipse.jetty.server.Server - Started @2908939ms
10:40:05.619 [nREPL-session-51fcdaa7-2acc-4a0e-a988-057f262b6a2a] INFO  io.pedestal.http - {:msg "POST /conversations", :line 80}
10:40:05.624 [nREPL-session-51fcdaa7-2acc-4a0e-a988-057f262b6a2a] INFO  io.pedestal.http - {:msg "POST /conversations/e65a569b-3ad6-439c-843e-943df25c7510", :line 80}
10:40:05.630 [nREPL-session-51fcdaa7-2acc-4a0e-a988-057f262b6a2a] INFO  io.pedestal.http - {:msg "GET /conversations", :line 80}
10:40:05.636 [nREPL-session-51fcdaa7-2acc-4a0e-a988-057f262b6a2a] INFO  io.pedestal.http - {:msg "GET /conversations/e65a569b-3ad6-439c-843e-943df25c7510", :line 80}
10:40:25.586 [nREPL-session-51fcdaa7-2acc-4a0e-a988-057f262b6a2a] INFO  o.e.jetty.server.AbstractConnector - Stopped ServerConnector@60e08b71{HTTP/1.1, (http/1.1, h2c)}{localhost:3000}
10:40:25.586 [nREPL-session-51fcdaa7-2acc-4a0e-a988-057f262b6a2a] INFO  o.e.j.server.handler.ContextHandler - Stopped o.e.j.s.ServletContextHandler@97f49d4{/,null,STOPPED}
10:40:25.629 [nREPL-session-51fcdaa7-2acc-4a0e-a988-057f262b6a2a] INFO  org.eclipse.jetty.server.Server - jetty-9.4.44.v20210927; built: 2021-09-27T23:02:44.612Z; git: 8da83308eeca865e495e53ef315a249d63ba9332; jvm 17.0.2+8
10:40:25.631 [nREPL-session-51fcdaa7-2acc-4a0e-a988-057f262b6a2a] INFO  o.e.j.server.handler.ContextHandler - Started o.e.j.s.ServletContextHandler@606d1b28{/,null,AVAILABLE}
10:40:25.631 [nREPL-session-51fcdaa7-2acc-4a0e-a988-057f262b6a2a] INFO  o.e.jetty.server.AbstractConnector - Started ServerConnector@66d98b9e{HTTP/1.1, (http/1.1, h2c)}{localhost:3000}
10:40:25.631 [nREPL-session-51fcdaa7-2acc-4a0e-a988-057f262b6a2a] INFO  org.eclipse.jetty.server.Server - Started @2931179ms
10:40:28.159 [nREPL-session-51fcdaa7-2acc-4a0e-a988-057f262b6a2a] INFO  io.pedestal.http - {:msg "POST /conversations", :line 80}
10:40:28.164 [nREPL-session-51fcdaa7-2acc-4a0e-a988-057f262b6a2a] INFO  io.pedestal.http - {:msg "POST /conversations/b6addf60-9bcf-4eef-b5c0-24011b5e9056", :line 80}
10:40:28.169 [nREPL-session-51fcdaa7-2acc-4a0e-a988-057f262b6a2a] INFO  io.pedestal.http - {:msg "GET /conversations", :line 80}
10:40:28.176 [nREPL-session-51fcdaa7-2acc-4a0e-a988-057f262b6a2a] INFO  io.pedestal.http - {:msg "GET /conversations/b6addf60-9bcf-4eef-b5c0-24011b5e9056", :line 80}
10:40:53.397 [nREPL-session-51fcdaa7-2acc-4a0e-a988-057f262b6a2a] INFO  o.e.jetty.server.AbstractConnector - Stopped ServerConnector@66d98b9e{HTTP/1.1, (http/1.1, h2c)}{localhost:3000}
10:40:53.397 [nREPL-session-51fcdaa7-2acc-4a0e-a988-057f262b6a2a] INFO  o.e.j.server.handler.ContextHandler - Stopped o.e.j.s.ServletContextHandler@606d1b28{/,null,STOPPED}
10:40:53.452 [nREPL-session-51fcdaa7-2acc-4a0e-a988-057f262b6a2a] INFO  org.eclipse.jetty.server.Server - jetty-9.4.44.v20210927; built: 2021-09-27T23:02:44.612Z; git: 8da83308eeca865e495e53ef315a249d63ba9332; jvm 17.0.2+8
10:40:53.453 [nREPL-session-51fcdaa7-2acc-4a0e-a988-057f262b6a2a] INFO  o.e.j.server.handler.ContextHandler - Started o.e.j.s.ServletContextHandler@2bd68ffa{/,null,AVAILABLE}
10:40:53.454 [nREPL-session-51fcdaa7-2acc-4a0e-a988-057f262b6a2a] INFO  o.e.jetty.server.AbstractConnector - Started ServerConnector@1478dbd4{HTTP/1.1, (http/1.1, h2c)}{localhost:3000}
10:40:53.454 [nREPL-session-51fcdaa7-2acc-4a0e-a988-057f262b6a2a] INFO  org.eclipse.jetty.server.Server - Started @2959001ms
10:42:15.562 [nREPL-session-51fcdaa7-2acc-4a0e-a988-057f262b6a2a] INFO  io.pedestal.http - {:msg "POST /conversations", :line 80}
10:42:15.567 [nREPL-session-51fcdaa7-2acc-4a0e-a988-057f262b6a2a] INFO  io.pedestal.http - {:msg "POST /conversations/72bccb8c-9eba-4aa8-b83a-5a8e23b0de3f", :line 80}
10:42:15.572 [nREPL-session-51fcdaa7-2acc-4a0e-a988-057f262b6a2a] INFO  io.pedestal.http - {:msg "GET /conversations", :line 80}
10:42:15.580 [nREPL-session-51fcdaa7-2acc-4a0e-a988-057f262b6a2a] INFO  io.pedestal.http - {:msg "GET /conversations/72bccb8c-9eba-4aa8-b83a-5a8e23b0de3f", :line 80}
10:42:36.473 [nREPL-session-51fcdaa7-2acc-4a0e-a988-057f262b6a2a] INFO  o.e.jetty.server.AbstractConnector - Stopped ServerConnector@1478dbd4{HTTP/1.1, (http/1.1, h2c)}{localhost:3000}
10:42:36.473 [nREPL-session-51fcdaa7-2acc-4a0e-a988-057f262b6a2a] INFO  o.e.j.server.handler.ContextHandler - Stopped o.e.j.s.ServletContextHandler@2bd68ffa{/,null,STOPPED}
10:42:36.537 [nREPL-session-51fcdaa7-2acc-4a0e-a988-057f262b6a2a] INFO  org.eclipse.jetty.server.Server - jetty-9.4.44.v20210927; built: 2021-09-27T23:02:44.612Z; git: 8da83308eeca865e495e53ef315a249d63ba9332; jvm 17.0.2+8
10:42:36.538 [nREPL-session-51fcdaa7-2acc-4a0e-a988-057f262b6a2a] INFO  o.e.j.server.handler.ContextHandler - Started o.e.j.s.ServletContextHandler@14abf431{/,null,AVAILABLE}
10:42:36.539 [nREPL-session-51fcdaa7-2acc-4a0e-a988-057f262b6a2a] INFO  o.e.jetty.server.AbstractConnector - Started ServerConnector@2adba1fa{HTTP/1.1, (http/1.1, h2c)}{localhost:3000}
10:42:36.539 [nREPL-session-51fcdaa7-2acc-4a0e-a988-057f262b6a2a] INFO  org.eclipse.jetty.server.Server - Started @3062087ms
10:42:40.675 [nREPL-session-51fcdaa7-2acc-4a0e-a988-057f262b6a2a] INFO  io.pedestal.http - {:msg "POST /conversations", :line 80}
10:42:40.680 [nREPL-session-51fcdaa7-2acc-4a0e-a988-057f262b6a2a] INFO  io.pedestal.http - {:msg "POST /conversations/e2fd8fc0-7d53-4947-bffb-a143555b33fd", :line 80}
10:42:40.684 [nREPL-session-51fcdaa7-2acc-4a0e-a988-057f262b6a2a] INFO  io.pedestal.http - {:msg "GET /conversations", :line 80}
10:42:40.690 [nREPL-session-51fcdaa7-2acc-4a0e-a988-057f262b6a2a] INFO  io.pedestal.http - {:msg "GET /conversations/e2fd8fc0-7d53-4947-bffb-a143555b33fd", :line 80}
10:42:57.668 [nREPL-session-51fcdaa7-2acc-4a0e-a988-057f262b6a2a] INFO  io.pedestal.http - {:msg "POST /conversations", :line 80}
10:42:57.672 [nREPL-session-51fcdaa7-2acc-4a0e-a988-057f262b6a2a] INFO  io.pedestal.http - {:msg "POST /conversations/b51f5da3-e7f1-4bd7-b0ce-b5571a98e21f", :line 80}
10:42:57.677 [nREPL-session-51fcdaa7-2acc-4a0e-a988-057f262b6a2a] INFO  io.pedestal.http - {:msg "GET /conversations", :line 80}
10:42:57.683 [nREPL-session-51fcdaa7-2acc-4a0e-a988-057f262b6a2a] INFO  io.pedestal.http - {:msg "GET /conversations/b51f5da3-e7f1-4bd7-b0ce-b5571a98e21f", :line 80}
10:43:09.682 [nREPL-session-51fcdaa7-2acc-4a0e-a988-057f262b6a2a] INFO  o.e.jetty.server.AbstractConnector - Stopped ServerConnector@2adba1fa{HTTP/1.1, (http/1.1, h2c)}{localhost:3000}
10:43:09.682 [nREPL-session-51fcdaa7-2acc-4a0e-a988-057f262b6a2a] INFO  o.e.j.server.handler.ContextHandler - Stopped o.e.j.s.ServletContextHandler@14abf431{/,null,STOPPED}
10:43:09.752 [nREPL-session-51fcdaa7-2acc-4a0e-a988-057f262b6a2a] INFO  org.eclipse.jetty.server.Server - jetty-9.4.44.v20210927; built: 2021-09-27T23:02:44.612Z; git: 8da83308eeca865e495e53ef315a249d63ba9332; jvm 17.0.2+8
10:43:09.754 [nREPL-session-51fcdaa7-2acc-4a0e-a988-057f262b6a2a] INFO  o.e.j.server.handler.ContextHandler - Started o.e.j.s.ServletContextHandler@256a8d0d{/,null,AVAILABLE}
10:43:09.755 [nREPL-session-51fcdaa7-2acc-4a0e-a988-057f262b6a2a] INFO  o.e.jetty.server.AbstractConnector - Started ServerConnector@79086485{HTTP/1.1, (http/1.1, h2c)}{localhost:3000}
10:43:09.755 [nREPL-session-51fcdaa7-2acc-4a0e-a988-057f262b6a2a] INFO  org.eclipse.jetty.server.Server - Started @3095303ms
10:43:12.835 [nREPL-session-51fcdaa7-2acc-4a0e-a988-057f262b6a2a] INFO  io.pedestal.http - {:msg "POST /conversations", :line 80}
10:43:12.839 [nREPL-session-51fcdaa7-2acc-4a0e-a988-057f262b6a2a] INFO  io.pedestal.http - {:msg "POST /conversations/9d5d7838-1a92-4e48-b96b-7571ead123c3", :line 80}
10:43:12.844 [nREPL-session-51fcdaa7-2acc-4a0e-a988-057f262b6a2a] INFO  io.pedestal.http - {:msg "GET /conversations", :line 80}
10:43:12.849 [nREPL-session-51fcdaa7-2acc-4a0e-a988-057f262b6a2a] INFO  io.pedestal.http - {:msg "GET /conversations/9d5d7838-1a92-4e48-b96b-7571ead123c3", :line 80}
10:43:17.210 [nREPL-session-51fcdaa7-2acc-4a0e-a988-057f262b6a2a] INFO  o.e.jetty.server.AbstractConnector - Stopped ServerConnector@79086485{HTTP/1.1, (http/1.1, h2c)}{localhost:3000}
10:43:17.211 [nREPL-session-51fcdaa7-2acc-4a0e-a988-057f262b6a2a] INFO  o.e.j.server.handler.ContextHandler - Stopped o.e.j.s.ServletContextHandler@256a8d0d{/,null,STOPPED}
10:43:17.224 [nREPL-session-51fcdaa7-2acc-4a0e-a988-057f262b6a2a] INFO  org.eclipse.jetty.server.Server - jetty-9.4.44.v20210927; built: 2021-09-27T23:02:44.612Z; git: 8da83308eeca865e495e53ef315a249d63ba9332; jvm 17.0.2+8
10:43:17.224 [nREPL-session-51fcdaa7-2acc-4a0e-a988-057f262b6a2a] INFO  o.e.j.server.handler.ContextHandler - Started o.e.j.s.ServletContextHandler@136db69c{/,null,AVAILABLE}
10:43:17.225 [nREPL-session-51fcdaa7-2acc-4a0e-a988-057f262b6a2a] INFO  o.e.jetty.server.AbstractConnector - Started ServerConnector@471d2854{HTTP/1.1, (http/1.1, h2c)}{localhost:3000}
10:43:17.225 [nREPL-session-51fcdaa7-2acc-4a0e-a988-057f262b6a2a] INFO  org.eclipse.jetty.server.Server - Started @3102773ms
10:43:19.902 [nREPL-session-51fcdaa7-2acc-4a0e-a988-057f262b6a2a] INFO  io.pedestal.http - {:msg "POST /conversations", :line 80}
10:43:19.907 [nREPL-session-51fcdaa7-2acc-4a0e-a988-057f262b6a2a] INFO  io.pedestal.http - {:msg "POST /conversations/f5916996-2c44-433f-b39d-c1265cfa9f38", :line 80}
10:43:19.910 [nREPL-session-51fcdaa7-2acc-4a0e-a988-057f262b6a2a] INFO  io.pedestal.http - {:msg "GET /conversations", :line 80}
10:43:19.916 [nREPL-session-51fcdaa7-2acc-4a0e-a988-057f262b6a2a] INFO  io.pedestal.http - {:msg "GET /conversations/f5916996-2c44-433f-b39d-c1265cfa9f38", :line 80}
10:44:29.123 [nREPL-session-51fcdaa7-2acc-4a0e-a988-057f262b6a2a] INFO  o.e.jetty.server.AbstractConnector - Stopped ServerConnector@471d2854{HTTP/1.1, (http/1.1, h2c)}{localhost:3000}
10:44:29.123 [nREPL-session-51fcdaa7-2acc-4a0e-a988-057f262b6a2a] INFO  o.e.j.server.handler.ContextHandler - Stopped o.e.j.s.ServletContextHandler@136db69c{/,null,STOPPED}
10:44:29.186 [nREPL-session-51fcdaa7-2acc-4a0e-a988-057f262b6a2a] INFO  org.eclipse.jetty.server.Server - jetty-9.4.44.v20210927; built: 2021-09-27T23:02:44.612Z; git: 8da83308eeca865e495e53ef315a249d63ba9332; jvm 17.0.2+8
10:44:29.187 [nREPL-session-51fcdaa7-2acc-4a0e-a988-057f262b6a2a] INFO  o.e.j.server.handler.ContextHandler - Started o.e.j.s.ServletContextHandler@72c75f47{/,null,AVAILABLE}
10:44:29.188 [nREPL-session-51fcdaa7-2acc-4a0e-a988-057f262b6a2a] INFO  o.e.jetty.server.AbstractConnector - Started ServerConnector@5271cc7b{HTTP/1.1, (http/1.1, h2c)}{localhost:3000}
10:44:29.188 [nREPL-session-51fcdaa7-2acc-4a0e-a988-057f262b6a2a] INFO  org.eclipse.jetty.server.Server - Started @3174736ms
10:44:54.706 [nREPL-session-51fcdaa7-2acc-4a0e-a988-057f262b6a2a] INFO  io.pedestal.http - {:msg "POST /conversations", :line 80}
10:44:54.711 [nREPL-session-51fcdaa7-2acc-4a0e-a988-057f262b6a2a] INFO  io.pedestal.http - {:msg "POST /conversations/9f926c69-ca43-4108-bdd4-27ca689f131d", :line 80}
10:44:54.715 [nREPL-session-51fcdaa7-2acc-4a0e-a988-057f262b6a2a] INFO  io.pedestal.http - {:msg "GET /conversations", :line 80}
10:44:54.720 [nREPL-session-51fcdaa7-2acc-4a0e-a988-057f262b6a2a] INFO  io.pedestal.http - {:msg "GET /conversations/9f926c69-ca43-4108-bdd4-27ca689f131d", :line 80}
10:45:18.295 [nREPL-session-51fcdaa7-2acc-4a0e-a988-057f262b6a2a] INFO  o.e.jetty.server.AbstractConnector - Stopped ServerConnector@5271cc7b{HTTP/1.1, (http/1.1, h2c)}{localhost:3000}
10:45:18.295 [nREPL-session-51fcdaa7-2acc-4a0e-a988-057f262b6a2a] INFO  o.e.j.server.handler.ContextHandler - Stopped o.e.j.s.ServletContextHandler@72c75f47{/,null,STOPPED}
10:45:18.349 [nREPL-session-51fcdaa7-2acc-4a0e-a988-057f262b6a2a] INFO  org.eclipse.jetty.server.Server - jetty-9.4.44.v20210927; built: 2021-09-27T23:02:44.612Z; git: 8da83308eeca865e495e53ef315a249d63ba9332; jvm 17.0.2+8
10:45:18.351 [nREPL-session-51fcdaa7-2acc-4a0e-a988-057f262b6a2a] INFO  o.e.j.server.handler.ContextHandler - Started o.e.j.s.ServletContextHandler@13a69f65{/,null,AVAILABLE}
10:45:18.351 [nREPL-session-51fcdaa7-2acc-4a0e-a988-057f262b6a2a] INFO  o.e.jetty.server.AbstractConnector - Started ServerConnector@db45e8b{HTTP/1.1, (http/1.1, h2c)}{localhost:3000}
10:45:18.351 [nREPL-session-51fcdaa7-2acc-4a0e-a988-057f262b6a2a] INFO  org.eclipse.jetty.server.Server - Started @3223900ms
10:45:21.257 [nREPL-session-51fcdaa7-2acc-4a0e-a988-057f262b6a2a] INFO  io.pedestal.http - {:msg "POST /conversations", :line 80}
10:45:21.261 [nREPL-session-51fcdaa7-2acc-4a0e-a988-057f262b6a2a] INFO  io.pedestal.http - {:msg "POST /conversations/357f2bbc-a5ba-44d6-be2d-85a3f01d5451", :line 80}
10:45:21.265 [nREPL-session-51fcdaa7-2acc-4a0e-a988-057f262b6a2a] INFO  io.pedestal.http - {:msg "GET /conversations", :line 80}
10:45:21.271 [nREPL-session-51fcdaa7-2acc-4a0e-a988-057f262b6a2a] INFO  io.pedestal.http - {:msg "GET /conversations/357f2bbc-a5ba-44d6-be2d-85a3f01d5451", :line 80}
